80
1 278 18 293 26 322 40 282 6 305 2 292 4 297 1 
2 796 23 804 33 825 42 816 17 824 14 860 8 805 1 787 2 
3 278 30 293 13 248 19 322 7 244 9 282 34 305 9 292 5 489 4 297 2 307 1 257 1 
4 733 38 728 12 722 3 738 8 
5 8 8 17 30 12 23 14 9 15 6 19 2 34 1 28 2 13 1 
6 674 30 666 16 633 7 661 50 676 41 673 22 652 11 670 18 635 7 623 37 650 26 655 4 653 15 667 39 672 29 657 2 643 1 
7 753 4 758 3 752 1 
8 697 21 674 20 693 40 706 36 679 29 688 18 666 19 633 9 708 7 699 47 682 43 709 36 703 47 676 5 673 18 681 31 652 5 705 22 733 2 670 10 690 26 712 21 635 3 623 11 700 12 
9 706 14 708 1 699 2 709 12 703 1 705 13 733 1 712 15 700 11 713 9 728 18 707 25 711 33 722 2 721 11 738 7 715 1 725 1 
10 992 1 994 2 988 1 993 1 
11 697 5 693 2 
12 633 5 635 5 623 1 650 16 643 32 640 18 621 1 625 1 
13 588 18 586 17 594 47 578 10 580 2 590 47 585 32 591 31 
14 981 8 962 6 946 2 951 5 976 1 978 1 
15 796 17 804 3 825 8 816 1 824 4 860 18 805 2 820 1 
16 697 6 693 2 679 12 688 18 708 12 699 1 682 4 709 2 703 2 681 6 705 11 
17 278 1 293 1 248 15 322 1 244 8 282 4 305 7 292 6 297 24 307 22 257 26 339 39 289 42 309 22 223 42 323 7 251 1 
18 697 7 693 5 679 2 688 11 666 6 633 10 708 19 682 1 676 2 673 4 681 5 652 21 705 1 733 1 670 3 690 2 712 3 635 15 623 1 700 2 694 28 650 4 655 40 713 9 653 4 728 7 707 14 667 1 672 2 657 1 
19 697 11 693 1 679 3 688 3 666 3 633 19 708 1 682 1 676 1 673 1 681 5 652 2 705 2 733 3 670 12 690 17 712 2 635 5 700 23 694 16 650 1 655 3 713 29 653 9 728 2 707 8 667 8 672 4 657 3 643 7 680 19 640 15 711 4 621 44 722 43 664 34 721 19 738 8 685 10 698 1 715 4 625 7 649 3 725 1 
20 816 29 824 27 860 2 820 7 835 36 833 2 821 1 836 12 
21 679 3 666 6 708 4 682 1 676 1 673 5 681 2 652 3 705 1 733 4 670 5 690 5 712 5 635 3 700 2 694 1 650 3 655 3 713 1 653 12 728 10 707 2 667 2 672 3 657 9 643 1 
22 981 5 983 41 962 34 911 10 946 1 
23 981 9 983 2 962 5 992 23 911 11 946 5 
24 679 1 708 5 681 1 652 3 733 1 670 2 712 3 635 2 694 4 713 2 653 8 728 1 707 1 672 9 657 3 643 1 680 20 640 3 711 12 621 5 722 1 664 11 721 1 738 13 685 6 698 44 715 6 625 2 649 1 
25 962 5 946 1 951 19 938 1 939 5 
26 652 4 635 10 653 2 657 28 643 7 640 2 625 26 649 17 607 30 647 20 654 14 630 24 642 32 610 36 646 9 626 36 658 8 656 8 
27 708 1 652 1 712 1 694 1 672 3 657 4 643 1 680 3 640 6 711 1 722 1 664 5 721 11 738 13 685 33 698 5 715 1 625 8 649 2 725 42 607 4 695 9 720 4 747 1 
28 721 6 738 1 725 5 720 26 747 3 753 1 758 2 741 3 719 1 
29 680 6 640 2 721 1 685 1 715 3 
30 680 1 640 2 721 1 715 20 625 6 649 21 725 1 607 10 695 25 720 19 747 3 753 7 647 7 654 18 675 4 758 29 741 43 719 38 691 3 714 22 717 3 730 1 
31 992 9 
32 680 1 640 2 715 10 649 6 607 1 695 14 720 1 747 33 753 23 647 1 654 2 
33 951 2 953 3 
34 983 2 992 4 
35 607 5 695 1 647 15 654 2 675 28 691 30 696 25 630 15 686 43 671 1 
36 715 4 695 1 647 1 654 2 675 2 719 2 691 1 
37 715 1 747 3 753 8 647 1 654 7 675 16 758 11 741 3 719 1 691 6 714 8 717 4 730 6 696 1 
38 747 6 753 7 647 4 654 2 758 1 741 1 719 6 691 7 714 3 717 3 
39 981 8 946 18 951 4 938 25 976 1 920 3 939 1 982 1 
40 647 1 654 1 630 5 671 47 642 17 610 14 646 40 626 1 658 42 656 25 663 38 637 4 605 49 615 4 619 4 669 1 588 1 
41 747 1 654 2 758 2 719 1 691 2 714 15 717 18 730 24 696 17 723 19 630 2 686 4 737 49 752 23 671 1 718 29 727 10 739 16 642 1 751 24 759 41 762 49 763 12 760 9 646 1 678 3 796 5 731 8 724 28 764 34 684 39 729 50 773 29 754 7 626 5 656 10 769 17 710 2 735 1 663 6 
42 758 1 719 1 691 1 714 2 717 9 730 11 696 5 723 24 630 3 686 1 737 1 752 9 671 1 718 5 727 14 739 9 751 18 759 1 762 1 763 1 760 13 
43 981 3 
44 630 1 626 5 656 6 663 3 637 23 605 1 615 4 619 44 588 28 606 16 639 24 651 47 659 29 631 22 
45 758 1 717 4 730 2 696 2 723 6 686 2 752 9 718 9 727 26 739 20 751 5 759 2 763 17 760 12 678 24 796 2 731 21 724 13 764 1 684 1 
46 717 2 730 5 723 1 752 8 718 1 739 5 751 2 759 2 763 6 760 7 678 10 796 2 731 6 724 2 764 4 684 8 773 9 754 34 626 2 656 1 769 31 710 19 735 8 663 3 766 44 804 1 779 23 687 13 637 7 704 25 750 9 742 30 692 8 816 2 615 38 824 4 767 39 619 2 761 39 669 32 732 29 726 13 775 7 588 1 745 18 606 32 639 14 860 1 
47 717 1 730 1 718 3 751 1 759 2 763 10 760 2 678 11 731 9 724 6 764 2 684 2 773 12 754 9 626 1 769 1 710 9 735 41 766 2 779 1 687 15 637 14 704 3 750 3 742 12 692 18 615 3 767 10 761 3 669 7 732 18 726 20 775 5 588 1 745 32 606 2 639 3 651 2 659 11 631 26 689 10 702 34 660 37 756 20 616 2 743 47 736 4 629 3 749 1 
48 717 5 718 3 759 2 763 3 760 1 678 1 796 1 731 2 724 1 764 1 769 1 710 19 766 3 804 11 779 26 687 22 637 2 704 9 750 18 742 3 692 7 816 1 615 1 824 1 767 1 761 1 669 3 732 2 726 15 775 24 588 1 639 1 860 11 805 21 651 1 659 5 631 2 689 3 787 5 820 42 702 14 660 4 835 12 756 1 616 17 743 1 736 4 
49 278 1 293 5 248 4 322 1 531 15 244 10 506 28 282 4 305 26 532 12 292 3 489 35 297 3 307 2 257 9 503 39 339 9 289 4 309 17 223 1 323 14 251 27 491 6 331 24 240 4 236 9 284 4 268 8 324 2 344 1 
50 976 8 969 2 977 8 956 1 968 1 
51 717 1 763 1 760 5 678 1 731 1 764 6 710 1 766 1 804 1 704 12 750 4 742 2 692 8 761 1 669 7 732 1 726 1 775 12 639 7 805 8 659 2 689 35 787 12 702 1 660 5 835 1 756 3 616 17 743 2 736 23 833 34 821 39 629 10 749 5 748 25 776 12 836 25 734 34 614 12 765 15 768 32 586 13 645 4 594 2 772 32 810 3 622 47 780 23 827 21 746 5 665 3 
52 760 1 731 1 764 2 804 1 750 14 742 1 761 3 726 1 775 2 860 2 805 10 787 18 835 1 756 18 736 1 833 8 821 4 749 9 748 23 776 1 836 8 734 2 765 22 768 4 772 2 810 1 
53 731 2 704 1 750 2 742 1 692 4 761 2 639 1 860 6 805 6 659 3 689 1 787 4 702 1 660 4 756 6 616 10 736 15 833 6 821 5 629 14 749 2 748 2 776 24 836 1 734 1 614 38 765 7 768 9 586 10 645 42 594 1 772 10 810 5 622 2 780 5 827 2 
54 742 1 692 2 761 1 860 2 805 1 689 1 787 7 756 2 616 2 736 2 821 1 629 4 749 30 776 10 836 4 734 10 765 5 768 1 586 7 645 1 772 3 810 18 622 1 780 14 827 18 746 30 665 25 809 30 608 29 677 7 744 36 609 44 668 20 662 37 597 2 611 1 814 5 803 4 
55 692 2 805 1 787 2 616 1 736 1 629 19 749 2 776 1 734 2 765 1 768 4 586 3 645 2 772 2 810 16 780 5 827 2 746 15 665 4 809 14 608 16 677 34 744 6 609 1 668 13 662 3 597 48 611 2 
56 692 1 616 1 749 1 776 1 734 1 645 1 772 1 810 5 780 1 665 3 809 4 608 1 677 2 744 3 609 3 668 3 662 4 611 24 814 15 803 5 778 15 777 1 
57 776 1 810 1 780 2 827 7 665 12 809 1 608 1 677 5 744 1 609 2 668 11 662 2 611 19 814 6 803 33 778 28 777 41 783 49 641 3 784 22 627 2 617 1 632 1 879 1 
58 559 7 555 14 531 10 557 9 506 8 554 17 551 14 558 26 532 24 541 24 489 9 553 29 503 11 560 5 339 1 552 3 
59 810 1 809 1 744 1 814 19 803 5 778 5 777 4 783 1 784 13 770 3 774 14 740 2 
60 578 16 580 39 590 3 585 1 591 2 576 1 
61 8 15 17 10 12 6 5 45 7 11 14 3 665 1 608 1 
62 665 1 608 1 677 2 744 2 668 1 662 3 611 4 778 1 777 3 641 45 784 4 627 16 617 28 632 11 578 2 
63 665 1 608 1 744 1 668 2 662 1 814 5 803 2 778 1 777 1 641 2 784 1 627 2 617 3 
64 803 1 784 1 879 22 881 45 911 2 770 24 774 31 740 5 791 10 839 2 716 3 
65 879 10 881 2 911 14 946 5 913 5 951 4 938 2 
66 627 18 617 12 632 2 578 2 
67 34 4 28 34 55 1 29 3 32 23 63 4 
68 784 2 627 6 617 1 632 20 879 16 578 7 
69 617 5 578 10 580 8 601 39 585 5 591 14 576 5 
70 784 1 770 7 774 4 701 1 
71 223 4 213 25 197 8 161 2 
72 784 4 627 3 632 7 578 3 770 13 580 1 638 41 774 1 701 25 740 1 648 20 791 9 839 39 601 5 716 20 771 46 757 50 840 48 683 13 585 10 591 2 792 1 576 1 
73 55 5 63 41 48 46 293 5 89 35 248 7 322 1 103 19 86 8 244 2 282 2 305 3 
74 981 5 983 3 992 12 879 1 881 1 911 1 946 1 
75 784 2 627 1 632 5 881 2 911 7 770 1 638 4 701 1 740 10 946 2 648 23 791 25 839 4 601 1 716 6 771 1 840 2 683 9 913 1 585 1 591 1 792 17 576 8 634 33 951 3 938 3 785 21 826 10 842 15 612 47 598 32 628 8 624 42 636 2 613 29 807 4 579 35 853 43 644 33 858 15 920 34 819 26 848 6 587 5 849 1 850 1 
76 627 2 632 4 911 3 770 2 638 5 701 16 740 2 946 15 648 1 791 4 839 2 601 5 716 5 771 2 683 15 913 21 585 1 792 18 576 14 634 17 951 6 938 7 785 8 826 32 842 27 612 1 598 9 628 11 624 5 636 4 613 5 807 8 579 1 853 1 
77 911 1 701 7 740 29 648 5 791 1 839 2 716 8 771 1 683 9 913 3 792 11 785 20 826 6 842 7 612 1 598 1 628 31 624 3 636 28 613 16 807 10 853 5 644 7 858 4 920 7 819 16 848 41 587 19 849 1 850 31 595 4 
78 3 21 8 26 17 5 12 5 5 1 7 35 14 23 6 8 15 36 4 30 19 10 648 1 716 3 683 4 34 42 576 19 28 10 612 1 598 6 13 6 636 4 21 2 
79 911 1 740 1 791 1 839 1 716 3 913 17 792 3 576 1 951 4 938 4 785 1 826 1 842 1 598 1 636 4 807 24 579 3 853 1 644 2 858 28 920 3 819 4 848 1 587 4 849 3 850 4 595 10 822 11 813 6 939 9 828 27 781 34 788 19 802 37 583 46 600 24 755 1 923 32 905 26 935 1 604 4 
80 913 1 951 3 938 5 858 1 920 1 848 1 849 1 850 1 939 27 828 8 923 1 905 2 935 1 
