200
1 2973 38 2954 18 3003 1 2943 37 2876 10 2955 9 2881 19 2874 36 2970 38 2956 45 3103 40 3104 27 2983 2 3078 28 3030 23 2962 36 2964 43 2883 43 2910 17 2891 2 3070 2 3164 3 2993 4 3020 1 
2 4516 5 4625 25 4553 22 4536 3 4557 31 4641 41 4454 32 4479 25 4519 44 4577 5 4665 4 4697 1 4574 1 
3 4454 2 4338 15 4305 42 4465 9 4374 2 4335 41 4395 40 4426 2 4397 29 4419 26 4430 10 4326 4 4453 4 4377 2 4417 3 
4 2973 12 2954 5 3003 1 4516 27 2943 2 2876 22 2955 18 4553 15 2881 13 2874 14 4536 10 2970 8 2956 2 4557 9 3103 9 3104 20 2983 7 3078 21 3030 2 2962 13 4454 1 2964 3 2883 3 4479 7 2910 16 4519 4 4577 8 2891 1 3070 29 3164 19 4574 8 4525 12 2993 18 3020 29 2966 35 4508 23 4600 21 4618 29 4503 14 2858 23 4338 18 3170 16 2787 33 4572 22 4483 19 4609 36 4527 34 2947 20 2982 1 4537 49 4305 3 2859 23 3140 4 4576 25 2873 39 4465 8 2852 11 3231 38 2960 49 3085 50 4512 4 2830 1 2997 26 3120 32 2936 43 2924 33 2853 3 3124 32 4570 35 4374 39 4335 8 3071 31 4593 27 2975 1 2935 4 2932 48 3016 21 3177 26 3111 44 2867 26 4395 1 2930 8 3106 26 3076 17 2808 26 2813 2 3127 45 2871 34 2878 17 3075 22 3142 15 2985 40 4473 25 2974 27 3148 8 3014 39 3009 2 2959 44 4518 17 4528 10 2882 27 4426 42 2854 43 2911 25 3046 15 4397 8 3132 13 2941 15 4602 21 4595 7 2721 40 4599 1 2980 34 2940 10 
5 2954 13 3003 27 2943 1 2876 11 2955 1 2881 11 2970 3 2956 1 3103 1 3104 2 2983 40 3078 1 3030 16 2962 1 2964 3 2883 3 2910 15 2891 23 3070 8 3164 2 2993 14 3020 10 2966 6 2858 17 3170 16 2787 13 2947 7 2982 5 2859 12 3140 2 2873 5 2852 35 3231 6 2960 1 2830 23 2997 12 3120 10 2936 1 2924 4 2853 36 3124 6 3071 16 2975 39 2935 10 2932 1 3016 21 3177 23 3111 2 2867 12 2930 41 3106 17 3076 33 2808 18 2813 39 3127 3 2871 15 2878 16 3075 6 3142 29 2985 7 2974 18 3148 2 3014 11 3009 29 2959 4 2882 2 2854 6 2911 23 3046 11 3132 12 2941 29 2721 8 2980 10 2940 12 2905 6 3008 50 3182 36 3042 24 3261 38 3135 5 3044 27 3017 42 3024 8 3039 33 3154 30 3213 25 3258 7 2991 12 2894 6 3153 26 3056 20 2753 26 2886 6 3163 27 2999 38 3118 27 3059 47 2913 31 2797 43 3133 50 2892 28 2902 29 3082 10 3080 48 2895 25 3084 5 2890 14 2737 5 3281 2 2953 1 
6 4338 15 4305 4 4335 1 4326 18 4293 37 4294 25 4228 38 4346 29 4298 20 4325 48 4352 41 4339 41 4270 13 4309 1 4152 1 
7 2954 13 3003 21 2943 1 2876 1 2955 15 2881 3 2970 1 2956 1 3104 1 2983 1 3030 1 2964 1 2883 1 2910 2 2891 17 3070 4 3164 11 2993 3 3020 5 2966 2 2858 1 4338 2 3170 9 2787 4 2947 18 2982 6 4305 1 2859 1 3140 36 2873 4 2852 3 3231 2 2830 23 2997 1 3120 8 2936 3 2924 13 2853 8 3124 7 4374 4 3071 3 2975 10 2935 6 2932 1 3016 5 3177 1 3111 3 2867 9 4395 1 2930 1 3106 3 2808 4 2813 5 3127 2 2871 1 2878 4 3075 3 3142 4 2985 1 2974 4 3148 3 3009 15 2959 1 2882 1 2854 1 2911 1 3046 3 4397 6 3132 17 2941 5 2721 2 2980 5 2940 25 2905 31 3182 14 4419 22 3042 24 3261 8 3135 30 3044 20 4326 17 3017 1 3024 40 4377 22 4417 23 3039 2 3154 18 3213 7 4293 5 4294 7 3258 30 2991 21 4228 2 2894 24 3153 13 3056 23 2753 11 4346 21 2886 36 3163 2 4423 21 2999 1 3118 6 3059 1 2913 8 2797 3 4401 38 4371 9 2892 3 2902 14 3082 6 3080 1 4298 6 2895 1 3084 2 2890 2 
8 4228 5 4270 31 4152 12 4240 38 4017 10 4183 28 4226 36 4268 32 4091 23 3926 1 
9 4625 15 4641 6 4665 39 4697 21 4618 10 4635 6 4639 29 4711 2 4679 1 4769 3 
10 4516 9 4625 6 4553 3 4536 4 4557 7 4641 3 4454 11 4479 7 4519 1 4577 4 4665 7 4697 26 4574 34 4525 33 4508 21 4600 4 4618 10 4503 36 4572 8 4483 31 4609 5 4527 14 4537 1 4576 1 4635 8 4465 7 4639 17 4512 37 4711 1 4570 8 4374 2 4593 17 4679 39 4395 2 4473 3 
11 4516 2 4625 1 4553 8 4536 1 4557 1 4519 1 4577 2 4697 2 4574 3 4525 2 4508 4 4600 11 4618 1 4572 5 4609 2 4527 2 4576 1 4635 13 4639 3 4512 6 4711 39 4570 5 4593 3 4679 1 4518 19 4769 25 4528 18 4602 1 4595 1 4599 3 
12 4516 1 4625 1 4553 2 4536 11 4557 2 4454 1 4479 11 4577 10 4574 1 4525 3 4508 1 4600 1 4572 4 4609 5 4576 11 4635 5 4465 18 4639 1 4512 2 4711 1 4570 1 4374 1 4593 2 4679 7 4395 2 4473 20 4518 7 4769 21 4528 14 4426 4 4397 2 4602 6 4595 25 4599 46 4620 34 4477 12 4614 4 4700 18 4419 1 4751 27 4666 32 4634 36 4552 28 4659 39 4550 23 4587 50 4430 5 4605 45 4678 19 4326 1 4453 5 4597 23 4626 9 4377 7 4417 5 4580 9 4451 39 4293 6 4294 11 4440 21 4562 19 4539 13 4228 3 4584 46 4482 12 4564 15 4449 30 4499 39 4423 7 4585 14 4439 2 4475 2 4401 1 4433 1 4371 1 
13 2954 1 4516 3 2943 8 2876 2 2955 5 4625 1 2881 4 4536 10 2956 1 3030 3 4454 2 4577 3 2891 6 3070 4 3164 2 4574 2 2993 9 3020 4 2966 3 4508 1 4600 12 2858 5 3170 6 4572 3 4609 2 2947 1 2982 28 2859 3 3140 4 4576 5 2873 1 4635 17 4465 1 2852 1 3231 3 4512 1 2830 3 2997 6 4711 7 2936 1 2853 2 3124 3 4570 1 4374 1 4593 1 2935 15 3016 3 4679 1 3111 1 2867 3 4395 3 3106 2 2808 1 2813 1 2878 2 3075 8 3142 2 2985 2 4473 2 2974 1 3148 12 3009 1 2959 1 4518 2 4769 1 4528 2 2882 7 4426 1 2911 1 3046 11 4397 4 3132 2 2941 1 4602 19 4595 5 2980 1 2940 3 4620 14 2905 5 4477 18 4614 29 4700 13 4419 1 4751 8 3042 1 3261 1 4666 6 4634 5 4552 22 4659 8 3135 1 4550 14 3044 2 4430 15 4605 2 4678 25 4326 3 3017 4 3024 1 4453 5 4597 6 4626 40 4377 15 4417 16 4580 5 3039 9 3154 2 3213 9 4451 7 4293 1 4294 7 4440 17 4562 23 3258 6 4539 19 2991 8 4228 1 2894 1 4584 4 3153 1 3056 6 2753 1 4482 2 4564 28 2886 2 3163 21 4449 13 4499 1 4423 5 2999 10 4585 31 3118 2 3059 2 4439 18 2913 10 2797 3 4475 14 4401 2 4433 45 4371 9 2892 2 2902 3 3082 8 4608 3 3080 1 4460 4 4298 11 2895 18 3084 33 4533 4 2890 27 2737 36 4325 1 4418 28 3281 33 4478 20 2953 7 4352 6 3169 27 2872 39 3648 42 4339 1 4421 9 4535 17 4487 17 2862 10 3058 7 3636 1 2699 23 4598 4 3237 44 3223 26 4610 6 2914 1 4468 12 3027 29 2977 43 3193 25 3196 20 2719 16 3203 8 3156 45 3250 9 3167 10 4393 40 3116 11 2978 16 4389 25 4368 43 3265 12 3214 7 4668 5 4624 28 3197 47 4741 33 4784 13 4680 5 3518 10 3290 16 4422 14 4691 3 2814 50 3220 36 4270 2 2828 7 2992 5 2995 13 4794 47 4717 14 2823 35 3198 16 2795 5 4367 42 4551 19 4705 6 2740 19 3491 11 4309 26 4410 41 4725 35 4651 26 3117 46 4629 26 3091 24 4776 9 3191 49 4152 14 3089 31 3225 19 2971 17 3178 34 4567 45 3334 37 4240 1 4543 42 3208 46 4777 49 2868 13 4752 26 2934 31 3094 46 4677 39 4767 12 2754 49 2802 30 2885 18 2915 20 4441 6 3239 1 4586 4 3077 2 2909 1 
14 4516 2 4625 1 4536 8 4454 1 4577 7 4574 1 4600 1 4572 8 4576 4 4635 1 4465 7 4374 1 4679 1 4395 1 4518 4 4528 6 4426 1 4397 1 4602 2 4595 11 4620 1 4477 19 4614 1 4700 12 4666 1 4634 4 4659 1 4550 5 4430 12 4605 3 4678 6 4326 5 4453 36 4597 20 4626 1 4377 3 4417 3 4580 9 4451 4 4293 1 4440 2 4562 2 4539 1 4228 1 4482 29 4564 7 4449 2 4499 4 4423 6 4585 3 4439 16 4475 3 
15 4516 1 4536 1 4577 10 4576 3 4518 1 4602 1 4595 1 4620 1 4477 1 4614 11 4700 4 4751 12 4666 5 4634 3 4659 2 4550 8 4430 8 4597 1 4580 9 4440 9 4562 3 4539 12 4482 4 4449 3 4499 1 4423 6 4585 1 4439 5 4475 30 4433 1 4608 3 4460 29 4533 39 4418 2 4478 18 4421 39 4535 2 4487 3 4598 31 4610 39 4468 17 4668 43 4624 10 4741 16 4784 21 4680 30 4422 8 4691 3 4794 1 
16 1171 36 1107 7 1297 20 1364 13 1186 41 1282 5 1245 6 1221 45 1041 41 1193 34 1342 24 995 31 1163 18 1075 4 1326 4 1271 46 1115 40 1330 18 1287 24 1025 13 1294 36 1154 14 1201 4 1215 44 1003 26 1231 16 1044 22 1094 11 459 24 1187 19 1273 48 544 24 1004 3 1147 7 1247 33 1327 17 1179 17 1170 18 1234 13 1389 31 1172 33 1057 13 
17 4577 1 4614 4 4700 3 4751 3 4666 6 4634 2 4580 18 4562 2 4585 1 4608 24 4598 11 4610 3 4668 1 4624 11 4741 1 4784 12 4680 10 4691 24 4794 2 4717 7 4705 7 4725 11 4651 3 4629 1 
18 2943 1 2876 1 2955 2 4536 1 3030 4 2891 1 3070 2 3164 6 2993 1 3020 1 2966 4 2858 3 3170 3 2947 2 2982 2 2859 6 3140 2 2873 1 3231 1 2997 5 2936 2 2853 1 3124 2 2935 5 3106 1 2808 1 2813 2 2878 6 3075 7 3148 17 3009 2 2882 10 3046 2 3132 4 2905 2 4614 1 3042 1 3261 2 3135 10 3044 1 4326 2 3017 2 3024 1 4377 1 3039 3 3213 2 4440 1 4562 1 3258 6 4539 1 2991 1 2894 8 3153 1 3056 1 2753 4 4482 1 2886 1 4449 1 4499 2 4423 5 2999 1 3118 9 4439 7 2913 1 2797 1 4475 1 4401 2 4433 1 4371 21 2892 1 2902 3 3082 23 4608 9 4460 2 4298 12 2895 2 3084 9 4533 5 2890 4 2737 6 4325 1 4418 13 3281 12 4478 8 2953 9 4352 2 3169 16 2872 4 3648 2 4339 7 4421 1 4535 23 4487 8 2862 6 3058 38 3636 1 4598 1 3237 2 3223 8 4610 2 2914 30 4468 19 3027 19 2977 4 3193 14 3196 14 2719 5 3203 8 3156 2 3250 36 3167 19 4393 9 3116 3 2978 14 4389 21 4368 4 3265 17 3214 9 4668 1 4624 1 3197 1 4784 2 4680 3 3518 38 3290 25 4422 1 4691 8 3220 3 4270 4 2828 19 2992 33 2995 10 4717 22 2823 12 3198 19 2795 27 4367 6 4551 29 4705 9 2740 18 3491 15 4309 2 4410 7 4725 4 4651 20 3117 1 4629 10 3091 10 4776 3 3191 1 4152 2 3089 10 3225 17 2971 9 3178 3 4567 1 3334 1 
19 4152 20 4017 5 4183 22 4091 20 3926 7 4042 1 4144 37 4051 18 4175 12 4150 14 4122 1 4120 2 3954 1 4161 1 4070 1 
20 2876 3 3030 1 3070 1 3164 4 2993 1 2858 1 2947 2 2982 2 2859 3 3140 2 2935 2 3106 1 2813 1 2878 1 3075 4 3148 5 3009 1 2882 2 3046 4 3132 1 2905 3 3261 1 3135 4 3017 1 3039 1 3213 1 3258 1 2991 7 2894 1 3153 1 2753 5 2886 5 3118 4 2892 8 2902 1 3082 1 2895 3 3084 1 2890 2 2737 1 3281 2 2953 9 3169 5 2872 7 3648 5 2862 14 3058 2 3636 41 2699 2 3237 2 3223 5 2914 18 3027 1 2977 3 3193 9 3196 14 2719 21 3203 1 3156 3 3250 3 3167 5 3116 2 2978 3 3265 8 3214 5 3197 1 3518 1 3290 4 3220 1 2828 8 2992 12 2995 3 2823 3 3198 10 2795 18 2740 2 3491 15 3117 1 3091 7 3089 1 3225 2 2971 5 3178 1 3334 2 3208 3 2868 15 2934 19 3094 1 2754 1 2802 13 2885 8 2915 18 3239 39 3077 31 2909 17 3397 29 2800 47 2833 5 2861 27 3066 13 2939 42 2887 38 3283 2 2749 8 4017 29 3043 49 3048 3 2848 48 2903 3 2764 42 3432 23 2921 3 3204 13 2869 41 3123 8 4091 7 2942 41 3160 29 3341 5 3926 2 3251 17 2816 13 2933 49 3529 33 3098 12 3598 30 3136 34 3347 39 2948 19 3074 48 3146 49 2825 14 2741 7 2774 14 2767 43 2824 38 3131 41 3222 32 3125 47 2952 48 3256 8 2880 1 3139 6 4042 33 2671 13 3021 25 2917 39 3031 40 3032 28 3262 9 3294 11 3179 2 
21 4536 1 4482 2 4449 1 4499 3 4439 1 4401 7 4433 1 4371 1 4460 2 
22 3164 2 2982 5 2859 1 2935 5 2878 1 3148 1 2882 1 3046 3 3132 1 2905 3 3039 2 3213 3 4539 4 2991 1 2894 3 3153 3 2753 3 3118 1 4439 1 4433 1 4371 6 2892 2 3082 1 4608 6 4460 13 4298 1 2895 1 4533 2 2890 1 2737 1 4418 4 3281 1 4478 4 2953 8 4352 1 3169 2 3648 1 4339 1 4421 1 4535 5 4487 14 2862 17 3058 2 3636 2 2699 2 4598 1 3237 1 3223 4 2914 1 4468 2 3027 1 3193 2 3196 2 2719 5 3203 13 3250 1 3167 15 4393 1 3116 27 2978 7 4389 2 4368 2 3265 10 3214 2 3197 1 4784 2 4680 2 3518 1 3290 4 4422 6 4691 7 3220 5 2828 11 2995 10 4717 1 3198 1 4367 2 4551 1 4705 3 2740 2 3491 4 4309 14 4410 1 4651 1 3117 2 4629 7 3091 2 4776 6 4152 1 3089 6 3225 4 2971 8 3178 11 4567 1 3334 8 4240 6 4543 4 3208 1 4777 1 2868 12 4752 3 3094 2 4677 1 4767 31 2802 7 2885 23 2915 3 4441 35 3239 10 4586 40 3077 1 2909 25 3397 12 4461 13 2800 1 4459 19 2833 34 2861 8 3066 22 4467 31 4592 7 2939 1 2887 4 3283 30 4307 22 2749 1 4488 36 4304 27 4548 13 4017 6 3043 1 4388 30 4632 47 3048 7 4481 40 2848 1 4226 7 4340 46 2903 43 4268 15 2764 3 4474 10 3432 1 2921 2 
23 4371 2 4608 1 4418 2 4535 2 4487 3 4598 1 4389 2 4368 1 4422 1 4691 4 4717 4 4551 1 4705 2 4309 5 4410 1 4629 1 4776 3 4567 2 4240 5 4543 1 4752 17 4677 5 4767 1 4441 8 4586 1 4461 15 4459 19 4467 4 4592 20 4307 16 4488 7 4304 23 4548 29 4388 10 4632 3 4481 1 4226 1 4340 3 4268 3 4474 24 4396 41 4594 43 4429 2 4540 13 4568 22 4267 46 4531 34 4583 31 4714 36 4292 41 4703 46 4788 2 4372 6 4431 6 4522 8 4513 4 
24 3164 1 2982 1 2859 1 2935 3 2878 2 3148 1 3046 1 3213 3 2894 2 3153 5 3118 1 4371 1 2892 5 3082 1 4608 2 2737 1 4418 1 2953 6 4535 1 4487 1 2862 2 3058 1 3636 3 2699 2 4598 1 3237 1 3223 7 2719 2 3203 15 3250 1 3167 1 3116 5 2978 2 3265 1 3214 2 3290 1 4422 10 4691 1 3220 2 2828 5 2995 7 4717 1 3198 2 4705 12 2740 7 3491 2 4309 1 4629 2 3091 1 4776 28 3089 2 3225 3 2971 8 3178 1 4567 1 3334 1 4543 2 2868 6 4752 4 3094 1 4677 3 4767 3 2885 1 2915 4 4441 1 4586 1 3077 16 2909 4 3397 2 4461 21 2800 2 4459 6 2833 4 2861 2 3066 6 4467 9 4592 20 2939 5 2887 3 3283 3 4307 4 2749 23 4488 6 4548 4 4388 4 3048 17 4481 1 2848 1 4226 3 4340 1 2903 2 2764 2 4474 12 3432 3 2921 28 3204 17 2869 6 3123 14 4396 6 2942 2 3160 16 4594 4 3341 19 3926 35 3251 14 4429 39 2816 33 2933 1 3529 5 4540 10 3098 25 3598 13 3136 2 3347 8 2948 12 3074 2 3146 1 4568 1 4267 2 2825 5 4531 7 4583 17 4714 1 4292 5 2741 35 2774 20 2767 7 2824 12 3131 4 4703 3 3222 7 4788 31 3125 3 2952 1 3256 42 2880 27 3139 1 4372 15 4431 38 4522 2 4513 46 4273 46 4042 5 4381 47 2671 27 4686 37 3021 24 2917 4 3031 7 4534 25 4330 11 4507 39 3032 13 4313 28 4642 18 3262 29 3294 3 3179 44 4296 16 4243 24 4458 28 4660 2 4282 15 3576 11 3023 22 4144 1 4320 1 3105 43 3279 46 3338 9 3200 35 4445 45 4223 18 3018 28 4547 4 2994 49 4241 41 4432 45 4480 16 3691 23 4302 27 4612 12 2857 14 4364 49 4444 3 4259 32 4051 30 2855 8 3248 10 3158 13 4435 32 4463 46 4312 19 4734 34 2729 30 2780 33 4800 26 3588 45 4390 30 2841 46 3181 5 4354 50 3112 29 4227 18 4476 37 4450 33 2879 27 2762 1 2790 35 4175 35 2958 5 2732 26 2781 13 4150 6 3310 11 4456 3 2938 32 3063 33 3121 15 4761 24 4200 19 4222 1 3101 20 3109 25 4452 17 4563 32 2765 17 2926 8 4122 11 4775 29 3343 36 2998 19 3194 37 2735 15 3145 34 3604 22 4355 3 4350 5 4323 12 3037 42 4120 31 4255 44 4589 36 4398 41 3050 31 4378 13 4469 25 3954 16 4315 26 4746 15 4772 27 4347 39 4542 14 2847 32 4408 11 4334 27 4198 29 4161 17 4573 29 3276 9 4070 1 2843 2 2864 1 
25 2878 1 3148 1 2894 5 2892 1 2953 5 2862 1 3636 1 2699 10 2719 1 3203 3 3116 2 2978 8 3265 2 3214 21 3220 1 2995 2 3198 2 2740 2 3491 2 3091 3 3225 3 2971 1 3334 1 2868 4 2915 3 2909 3 3397 5 2833 7 2861 13 3066 3 2939 1 2887 4 3283 11 2749 1 3048 14 2903 1 2764 3 3432 14 2921 8 3204 4 2869 3 3123 27 2942 6 3160 1 3341 11 3926 4 3251 4 2816 1 3529 7 3098 10 3598 1 3136 8 3347 3 2948 10 2825 12 2741 3 2774 15 3131 4 3222 5 2952 1 2880 9 3139 6 4042 4 2671 1 3021 1 2917 1 3031 1 3032 5 3262 1 3294 3 3179 1 3576 27 3023 27 4144 6 3105 5 3279 2 3338 32 3200 11 3018 16 2994 1 3691 11 2857 34 4051 1 2855 2 3248 9 3158 34 2729 8 2780 14 3588 1 2841 1 3181 14 3112 10 2879 3 2762 49 2790 6 2958 22 2732 9 2781 35 4150 24 3310 21 2938 7 3063 10 3121 28 3101 6 3109 25 2765 10 2926 35 4122 27 3343 2 2998 18 3194 2 2735 2 3145 13 3604 2 3037 3 4120 16 3050 9 3954 6 2847 15 4161 4 3276 9 4070 19 2843 21 2864 39 3159 43 3342 11 2791 13 4063 31 3162 50 3430 8 2900 20 3318 12 3183 23 3626 22 3549 14 3226 12 4009 26 3234 1 3215 9 3001 3 3891 49 2807 37 3245 9 2972 13 3403 46 3511 13 3505 1 
26 2953 5 2699 9 2995 5 3091 1 2971 2 2915 2 3066 5 2939 1 2887 1 2749 1 3048 5 2903 1 2921 4 3123 1 2942 1 2816 2 3098 3 3136 5 2948 2 2825 7 2741 1 2774 1 3131 1 45 42 2880 10 3139 26 2671 7 2917 3 3031 1 3032 4 3023 1 3105 1 3018 3 2857 2 2855 39 2729 4 2780 3 2841 3 3112 11 2879 7 2790 6 2958 10 2732 4 2781 1 2938 5 3063 7 3121 2 3101 18 65 12 58 46 2765 16 2926 1 2998 13 2735 26 3037 4 3050 2 2847 2 2843 13 2864 8 2791 35 2900 22 3001 10 2807 6 2972 4 2715 22 2820 26 2849 36 2986 24 42 15 2920 19 2988 33 76 15 2946 38 3069 20 3130 16 2931 27 3057 10 144 41 2839 50 3061 11 2725 40 3022 16 2906 25 2798 42 3129 38 2723 33 2840 19 2827 36 3060 45 2672 39 3099 11 2801 38 3115 29 3126 4 2766 24 3034 11 3006 6 86 43 2987 30 2850 25 3119 5 3107 21 2772 26 3028 43 3054 17 168 16 3088 30 111 29 3002 28 3029 49 2957 5 85 44 3019 20 51 28 2722 41 3113 4 2965 48 3134 9 3067 47 2945 38 2680 34 2865 13 2829 36 2835 39 2927 12 50 50 56 7 3011 30 2695 39 2785 47 3068 14 2739 15 2951 20 2811 15 2863 41 3052 43 132 50 3100 20 2984 19 2759 31 3055 4 2771 2 3102 1 
27 1171 9 1107 39 1297 14 1364 19 1186 6 1282 39 1245 4 1221 5 1041 5 1193 8 1342 5 995 11 1163 31 1075 10 365 12 1326 43 1271 1 1115 8 1330 9 1287 7 1025 28 1294 8 292 33 1462 15 1154 3 1201 29 395 27 287 28 1215 2 1420 21 339 41 1003 17 1231 26 1044 8 1094 25 459 17 397 18 1187 2 1273 1 544 2 1004 12 1147 39 1247 11 1327 23 1179 21 1170 12 1412 27 1234 3 1423 50 1389 6 1172 2 1057 12 1190 43 1068 50 315 26 1280 31 1406 17 1151 32 1357 46 1348 28 1195 45 1426 17 1168 9 340 1 1005 1 
28 3636 1 2699 1 3203 2 3214 3 3220 2 3491 1 3091 1 3225 2 3397 1 3066 1 3283 2 2749 14 3048 2 3432 6 2921 3 3204 11 3160 1 3341 7 3926 1 3251 14 2816 1 3529 5 3598 1 3136 1 2948 2 2825 5 2741 1 3222 6 2880 2 3139 11 4042 2 2671 2 2917 2 3031 1 3262 1 3294 30 3179 1 3576 7 3105 1 3279 1 3338 6 3200 4 3018 3 3691 6 4051 1 2855 1 3248 6 3158 3 2729 5 3588 1 3181 14 2879 6 2790 1 2958 5 2732 1 2781 1 3310 7 2938 1 3121 2 3101 3 2765 7 2926 4 4122 10 3343 3 3194 1 
29 4608 1 4717 1 4705 1 4629 3 4776 1 4677 2 4767 3 4714 10 4703 1 4788 15 4686 8 4642 21 4660 47 4612 12 4734 5 4800 2 4761 1 4775 1 
30 2699 1 3214 1 3091 1 3397 1 3283 1 2749 1 3048 1 3432 2 2921 2 3204 4 3160 2 3341 5 3251 1 3598 5 2948 3 2825 2 2741 1 2880 1 4042 2 2917 1 3262 9 3294 1 3179 1 3576 5 3279 1 3338 2 3691 8 3248 10 2729 3 3588 1 3181 12 2879 2 2790 1 2958 4 2732 2 3310 4 2938 5 3121 2 3101 1 2926 1 4122 1 3343 6 3194 4 2735 2 3145 1 3604 1 3037 1 4120 1 3050 3 3954 14 2847 1 3276 27 4070 3 2843 14 2864 1 3159 7 3342 12 2791 2 4063 18 3430 40 2900 2 3318 6 3183 4 3626 20 3549 2 3226 7 4009 8 3234 26 3215 32 3001 31 3891 1 2807 4 3245 31 2972 4 3403 2 3511 9 3505 25 3273 26 2715 1 3621 8 2820 12 3672 23 3848 25 3548 25 2849 12 3277 37 3867 26 4087 34 2986 16 3143 24 3309 28 3747 31 3696 42 2920 28 3352 10 3190 9 3187 22 2988 13 3690 20 2946 7 3069 5 3130 13 3289 7 3151 16 3184 4 3240 16 3346 22 3165 36 3380 6 2931 13 3057 32 3409 20 3244 1 3061 2 
31 365 9 395 17 339 6 459 9 397 30 544 23 340 9 327 18 378 28 359 27 344 18 475 42 990 28 473 25 550 19 476 44 367 43 951 13 630 27 910 17 323 27 948 37 568 18 404 5 458 16 513 1 430 1 953 1 503 1 377 1 
32 4608 1 4487 2 4422 1 4705 7 4309 1 4543 1 4586 3 4461 1 4459 5 4467 6 4592 3 4307 2 4488 1 4548 4 4388 1 4481 2 4226 1 4474 4 3432 1 4396 2 4594 1 3341 1 4429 5 4540 15 4568 2 4267 1 4531 4 4583 2 4714 3 4292 1 4788 1 4372 3 4431 1 4522 26 4273 1 4042 2 4381 1 4686 3 4534 4 4330 31 4507 5 4313 15 4642 6 4296 8 4243 26 4458 15 4660 1 4282 2 4144 1 4320 39 3338 1 4445 4 4223 12 4547 9 4241 5 4432 4 4480 9 3691 1 4302 11 4612 23 4364 1 4444 47 4259 18 4435 7 4463 2 4312 21 4734 11 4800 15 3588 1 4390 10 4227 16 4476 3 4450 4 4175 2 4150 1 3310 7 4456 39 4761 5 4200 14 4222 44 4452 3 4563 4 4775 20 4828 36 3343 2 3604 17 4355 47 4350 12 4323 16 4255 6 4589 8 4398 9 4812 14 4378 2 4469 24 3954 11 4315 1 4746 1 4772 17 4347 3 4542 23 4408 16 4334 21 4198 21 4161 1 4573 11 4070 6 4579 6 3342 27 4194 35 4284 24 4529 27 4063 1 4358 39 3430 1 4797 45 4406 19 3318 13 4778 29 3626 6 4310 46 3549 8 4308 5 4365 4 4009 9 4436 6 4314 1 
33 4487 2 4422 4 4459 1 3283 1 4307 3 2749 1 4388 4 3048 1 4481 2 4226 2 3204 1 4396 1 3160 1 3341 2 4429 4 4540 3 2948 1 4568 20 4267 1 2825 5 4531 5 4292 1 2741 2 4372 18 4431 2 4522 2 4273 3 4042 1 4381 1 4534 9 4330 3 4507 2 4313 7 3262 1 3294 1 3179 1 4296 1 4458 1 4282 6 4144 5 4320 7 4445 1 4223 3 4547 15 4241 1 4432 1 4480 18 3691 1 4302 7 3248 8 4435 10 4463 2 4312 1 3588 1 4390 6 3181 1 4227 9 4476 8 4450 6 2879 4 2790 1 4175 1 2958 1 2732 1 4150 4 4456 6 3121 1 4200 5 4222 1 3101 2 4452 4 4563 12 2926 1 3343 1 3194 3 2735 4 3145 2 3604 6 4350 11 4323 13 3050 3 4378 34 4469 1 3954 2 4315 12 4347 2 4542 10 4408 7 4334 1 4161 2 4573 5 3276 2 4070 1 2864 1 4579 15 4194 12 4284 24 4529 21 4358 4 3430 1 2900 4 4406 21 3318 1 3183 3 3626 2 4310 4 3549 21 3226 19 4308 27 4365 19 4009 6 4436 18 3234 10 4314 19 3215 2 4380 41 3001 3 4342 43 2807 1 3245 10 4511 37 2972 8 3403 1 3511 23 3505 9 3273 21 4351 49 2715 21 3621 35 2820 2 3672 26 4399 14 3848 11 3548 21 4212 25 4332 12 2849 1 3277 1 3867 1 4087 9 2986 2 4184 13 3143 14 3309 15 4333 23 4254 18 4506 6 3747 14 3696 3 2920 3 3352 20 3190 21 3187 28 4360 3 2988 2 3690 5 2946 1 3069 14 4457 13 3130 14 4218 27 4225 6 4336 4 4443 20 3289 22 3151 34 3184 18 3240 4 3346 15 3165 14 3380 28 2931 5 3057 1 3409 27 4172 40 4258 50 4187 45 4555 27 4188 41 4219 2 4427 39 4387 33 3244 42 4163 43 3061 3 4321 36 4492 35 2725 2 4182 2 4327 34 3022 2 3235 23 2906 4 3285 30 4363 21 3157 6 4204 38 2798 1 3129 4 4486 29 4136 26 2723 1 4049 19 4207 44 4189 50 4167 41 4545 7 3249 20 3274 38 4329 12 4394 39 2840 28 2827 1 3374 2 4138 1 
34 4422 4 4586 1 4307 1 4388 1 4481 2 4594 2 4540 1 2948 1 4568 5 4292 1 4372 1 4431 1 4522 9 4381 1 4534 1 4330 1 4507 3 3294 1 4296 7 4458 2 4282 2 4320 3 4223 5 4547 11 4241 1 4480 7 4302 2 3248 4 4435 1 4312 5 4390 4 3181 3 4227 7 4476 2 4450 5 2879 1 2958 2 2732 5 4150 1 4456 2 4200 6 4222 3 4452 17 4563 1 3194 1 2735 1 3604 1 4350 18 4323 8 4589 5 3050 2 4378 1 4315 2 4347 6 4542 2 4408 9 4334 1 4161 21 4573 4 3276 1 4070 7 4579 22 4194 2 4284 2 4529 1 4358 2 2900 2 4406 10 3318 7 3183 4 3549 4 3226 8 4308 13 4365 15 4009 1 4436 5 3234 5 4314 6 3215 1 4380 7 3001 2 4342 7 2807 1 4511 3 2972 6 3403 1 3511 2 3505 3 3273 1 4351 1 2715 2 3621 1 2820 9 3672 1 4399 29 3848 6 3548 4 4212 19 4332 25 2849 1 3277 2 3867 17 4087 5 2986 3 4184 7 3143 9 3309 3 4333 9 4254 22 4506 18 3747 5 3696 3 3352 12 3190 17 4360 17 2988 1 3690 1 2946 3 3069 9 4457 3 3130 4 4218 6 4225 6 4336 29 4443 15 3289 14 3184 5 3240 7 3346 13 3380 12 2931 5 3057 5 3409 3 4172 1 4187 4 4555 10 4188 9 4219 47 4427 7 4387 3 3244 7 4163 2 3061 1 4321 11 4492 8 2725 5 4182 40 4327 13 3022 7 3235 23 2906 8 3285 5 4363 29 3157 24 4204 3 2798 2 3129 7 4486 8 4136 8 2723 4 4049 28 4207 3 4167 1 4545 25 3249 16 3274 10 4329 31 4394 5 2840 2 2827 5 3374 6 4138 9 3060 3 3238 6 4238 27 4560 42 3311 1 4530 14 4438 20 2672 11 4420 50 3271 4 3423 14 4386 24 3099 36 4264 32 4544 25 4164 11 4379 43 2801 2 3406 37 4019 8 4571 24 3331 24 3348 16 4134 11 4318 39 3402 14 3928 36 4500 27 4362 28 4383 39 3571 12 
35 4422 1 4705 2 4307 2 4481 2 4540 8 4292 1 4788 1 4372 3 4431 1 4522 1 4686 1 4534 10 4330 2 4507 1 4642 2 4296 3 4458 3 4282 12 4223 1 4547 2 4241 2 4302 2 4612 2 3248 1 4312 2 4800 5 3181 1 4450 1 2958 1 2732 2 4761 19 4200 2 4222 1 4452 5 4563 1 4828 9 3194 1 3604 1 4350 2 4323 1 4589 1 4812 11 4315 2 4746 29 4772 2 4542 1 4408 2 4161 2 4573 1 3276 2 4070 12 4579 2 4194 1 4529 1 4358 1 4797 3 3318 10 4778 7 3183 5 3549 1 3226 3 4308 3 4365 7 4436 16 3234 4 4314 14 3215 2 4380 1 3001 1 2807 1 4511 3 2972 9 3511 3 3505 10 3273 2 2715 2 3621 4 2820 1 4399 7 4699 25 3848 2 4212 6 4332 5 4833 16 3277 10 3867 3 4087 1 4613 33 2986 3 4184 4 3143 1 3309 1 4333 18 4254 8 4506 3 3696 1 3352 1 3190 2 4360 28 2988 1 3690 4 2946 1 3069 2 4457 1 3130 2 4218 8 4225 17 4336 1 
36 4705 1 4372 4 4431 1 4522 2 4686 1 4534 1 4330 1 4642 1 4296 1 4458 1 4282 13 4223 7 4547 2 4302 1 4612 1 3248 1 4312 2 4800 2 4450 1 4761 1 4200 2 4452 1 4828 4 3194 1 4350 1 4812 22 4315 7 4746 1 4772 4 4408 5 4161 1 4579 2 4358 4 4797 1 3318 1 4778 12 3183 4 3226 1 4308 1 4365 2 4436 5 3234 4 4314 10 3215 4 4380 1 4511 1 2972 6 3505 2 2715 2 3621 2 4699 7 3848 3 4332 8 4833 19 3867 1 4087 1 4613 5 2986 2 4184 10 3143 1 3309 3 4254 1 4506 22 3696 1 3352 2 3190 1 4360 1 3690 1 4457 30 3130 1 4218 8 4225 20 4336 2 4443 14 3289 3 3184 22 3240 2 4631 48 3380 3 3057 1 4650 12 4606 16 4172 1 4187 1 4555 1 4803 4 4219 1 4427 2 4387 12 4163 2 4663 14 3061 2 4622 13 4321 3 4492 1 2725 3 4182 8 4327 3 3022 5 3235 2 2906 10 3285 11 3157 5 4204 8 4689 6 2798 5 3129 1 4486 8 4136 14 2723 6 4049 1 4207 3 4167 4 4545 1 4873 47 3249 5 3274 1 4329 4 4394 6 2840 1 4805 29 2827 1 3374 20 4138 23 3060 1 3238 30 4238 20 4560 6 3311 4 4530 4 4438 18 4802 46 3271 42 3423 32 4386 3 3099 2 4264 11 4544 25 4684 50 4164 10 4379 2 4701 10 2801 2 3406 9 4019 3 4571 18 3331 11 3348 8 4134 19 4318 10 3402 21 3928 9 4500 13 4362 8 4383 8 4819 7 3571 34 4295 8 3115 2 3172 24 4489 18 3126 4 3267 1 
37 4330 1 4642 2 4296 10 4223 3 4547 2 3248 1 4200 2 4452 2 4828 1 4350 1 4812 2 4746 3 4161 1 4579 2 4797 1 4778 2 4308 1 4365 2 4511 4 4699 13 3848 3 4833 2 3867 2 4613 1 4184 9 4254 1 4506 1 3352 5 4360 1 3690 1 4457 2 4218 1 4225 1 4336 5 4443 1 3289 3 3240 10 4631 1 3380 1 4650 3 4606 13 4172 5 4555 6 4803 33 4427 2 4387 1 4163 2 4663 25 4622 12 4492 4 3235 1 3285 3 4204 1 4689 37 4486 5 4136 2 4049 2 4167 1 4545 6 4873 3 3249 6 3274 1 4329 2 4805 20 3374 14 4138 9 3238 1 4238 1 4560 2 3311 3 4530 26 4438 5 4802 3 3271 1 3423 1 4386 14 4264 3 4164 28 4379 5 4701 19 3406 4 4019 27 4571 8 3331 1 3348 9 4134 8 4318 1 3402 5 3928 3 4500 7 4362 10 4383 3 4819 12 3571 1 4295 34 4489 1 3267 20 4369 48 3328 26 3387 21 3860 2 3218 2 3367 15 4361 1 3394 14 3911 11 4442 48 4464 16 4311 37 4322 11 4357 28 4343 45 3284 7 3217 4 3401 5 4300 49 4683 10 4286 3 4283 26 4413 17 3243 7 4349 3 4128 8 4281 2 4491 1 
38 3183 5 3143 1 3690 18 3289 1 3184 1 3240 2 3057 1 3061 20 3022 3 3235 1 2906 2 3285 1 3157 12 2723 4 3249 1 2827 4 3374 4 3060 1 3238 12 3311 2 3271 2 3423 2 3099 1 2801 3 3331 4 3348 12 3402 3 3571 3 3115 18 3172 25 3126 1 3267 4 3328 22 3387 26 3218 38 2766 1 3367 7 3192 30 3394 5 3034 28 3006 5 2987 11 3205 1 3171 47 3284 21 3217 38 3401 17 2850 9 3119 18 3209 7 3107 6 2772 7 3243 12 3210 42 3028 3 3054 27 3088 18 3474 10 3557 22 3002 13 3029 1 2957 2 3019 30 3292 21 2722 9 3390 9 3113 35 3268 13 3506 31 2965 2 3134 25 3572 46 3733 42 3681 9 3067 2 3659 13 2945 5 3180 41 3750 26 2680 10 2865 6 3322 9 3266 46 2829 12 2835 10 3166 3 2927 38 3479 30 3355 47 3662 14 3206 22 3327 50 3011 16 3533 7 3340 18 3396 38 3468 7 3563 29 3253 1 2695 7 3282 37 3233 9 3362 45 3412 6 3645 13 2785 2 3068 17 3260 32 2739 4 3472 8 2951 4 3398 4 3211 10 3392 7 3523 44 2811 29 2863 3 3465 23 3620 32 3052 3 3100 27 3199 34 3411 8 2984 17 3344 9 3254 16 2759 3 3055 3 2771 10 3102 32 3623 28 3740 41 3137 47 3580 45 3714 46 2904 41 2908 5 3288 39 3230 48 3665 25 3097 38 3461 16 3095 15 3373 20 3004 29 2724 42 3128 17 2979 24 2792 39 3366 39 3444 19 3427 25 3093 49 3353 2 2692 39 3227 35 3041 25 3354 35 2923 27 3272 2 3316 5 2773 12 2768 1 3464 8 
39 3183 2 3240 4 3061 5 3022 10 2906 1 3157 2 2723 2 3249 1 2827 2 3374 1 3238 1 3311 22 3271 1 3423 1 2801 5 3331 5 3348 3 3402 7 3115 1 3172 1 3126 39 3267 12 3328 2 3387 3 3218 7 2766 17 3367 25 3192 3 3394 26 3034 9 3006 16 2987 4 3205 34 3171 3 3284 8 3217 8 3401 7 2850 4 3119 13 3209 41 3107 3 2772 14 3243 20 3210 5 3028 2 3054 2 3088 1 3002 6 2957 27 3292 16 3390 39 3113 10 3268 33 3134 3 3067 1 2945 4 3180 2 2680 3 2865 24 3322 28 3266 4 2829 2 2835 1 3166 11 3355 3 3206 9 3011 1 3340 10 3396 10 3253 5 2695 2 3282 11 3233 40 3362 5 3412 21 2785 1 3068 15 3260 2 2739 3 2951 6 3398 36 3211 13 3392 38 2811 2 2863 3 3052 4 3100 1 3199 2 3411 1 2984 7 3344 34 3254 12 2759 3 3055 28 2771 38 3102 11 3137 1 2904 3 2908 17 3288 5 3230 2 3097 2 3461 19 3095 23 3373 10 3004 18 2724 5 3128 21 2979 24 2792 10 3366 11 3444 16 3427 5 3093 1 3353 10 2692 6 3227 13 3041 5 3354 15 2923 16 3272 44 3316 43 2773 32 2768 23 2928 43 3176 24 3436 33 3038 15 3365 17 3349 1 3424 10 3433 1 3189 1 
40 4296 4 4223 1 4184 5 4336 9 3240 5 4172 1 144 2 4163 1 3061 6 3022 2 3157 1 4167 3 3249 1 4329 1 2827 1 3374 3 4138 8 4238 1 3311 16 4264 2 4164 1 4019 11 3331 4 3348 1 4134 8 3928 1 4295 5 3126 2 3267 1 3860 41 3218 1 2766 7 3367 1 3192 7 3394 2 3034 2 3006 15 3911 17 2987 3 3205 11 4311 13 4322 1 3284 14 3401 6 2850 8 3119 11 3209 2 4300 1 4286 13 4283 17 3107 8 2772 3 3243 4 3210 1 4128 13 4281 25 3028 1 3054 3 4083 22 3982 31 4277 43 4324 41 3971 33 4148 1 168 24 3088 1 3808 24 4031 33 111 13 3474 29 4209 23 4104 29 3557 6 4271 32 4278 22 3002 3 4034 34 4205 8 2957 8 4206 6 3292 13 4242 28 4018 33 4132 33 4251 12 3390 2 4081 26 3855 36 4129 20 3113 1 3268 3 3506 1 4247 39 4093 12 4166 31 4149 15 3134 4 3572 3 4272 48 4168 49 3733 3 3681 10 3659 4 4249 11 2945 3 4123 34 3180 3 4234 48 3750 4 2680 3 2865 6 3908 30 4142 1 3322 7 4260 7 4213 9 3166 30 3479 20 3662 35 3985 10 3206 10 4048 7 4337 11 4299 14 3011 1 3939 11 3533 2 3340 11 3396 1 3468 39 3563 18 3890 14 3253 25 2695 2 3282 2 3233 1 3412 1 4005 31 3645 37 3068 1 3260 12 2739 17 3472 28 2951 19 3398 5 3211 27 3392 2 3523 2 2811 2 2863 2 3465 1 3620 3 3100 1 4276 26 3199 8 3411 33 2984 1 3344 2 3254 4 2759 1 3881 42 4143 50 3812 49 3055 12 4089 36 4115 32 3102 3 3623 14 4000 18 4137 8 4280 24 3740 5 4285 15 3137 2 3580 4 4044 13 4074 42 4319 13 3714 1 3892 13 4317 16 2904 4 2908 9 3776 6 4066 18 3288 2 3941 39 3665 4 3927 26 3097 1 3461 15 4100 33 3095 9 3373 14 3004 1 3934 33 2724 3 3128 4 2979 2 2792 1 3444 1 3884 33 3427 10 3973 4 4262 11 3920 22 3353 6 4181 23 2692 4 3227 2 3966 10 4119 33 3041 11 4197 6 2923 1 3272 1 3316 2 4236 5 2773 1 2768 20 3464 28 4080 38 3956 7 3489 24 4109 32 4297 41 4110 6 2928 2 4199 34 3176 19 3436 14 4263 28 3038 22 3365 5 4274 30 3349 5 3424 11 3832 1 3433 2 3492 1 
41 3022 2 3311 2 3331 1 3348 1 3267 3 3218 1 
42 3022 3 3267 2 3218 1 2766 1 3367 2 3192 1 
43 3267 2 3192 2 3394 3 3006 1 2987 2 
44 3006 2 2850 2 3119 2 3107 4 
45 4452 1 4365 1 4184 1 4457 1 4172 1 4387 1 4238 1 4438 3 
46 4511 1 4184 1 4172 1 4492 1 4438 1 4386 5 
47 1171 1 1107 2 1297 1 1364 5 1186 1 
48 4547 3 4579 1 4511 1 4613 3 4606 1 4555 1 
49 3006 1 2850 2 3028 1 3054 1 2957 3 2865 1 3011 1 
50 4438 1 4386 2 4264 2 4019 1 4134 2 3928 1 4362 1 
51 1171 3 1107 1 1297 5 1364 1 
52 4547 2 4812 1 4746 1 4699 3 4833 1 4613 1 4631 1 
53 1171 1 1107 1 1297 2 1364 6 
54 4613 6 4650 3 4606 1 
55 3267 5 3860 1 3192 4 
56 2739 8 2951 1 2811 1 
57 15 10 
58 3860 1 3192 3 3006 2 3911 3 3205 1 
59 1297 7 1364 3 
60 4699 1 4833 8 4613 1 
61 4699 1 4650 8 4606 1 
62 3860 5 3006 1 3205 3 3401 1 
63 4492 1 4545 3 4530 2 4438 1 4386 2 4134 1 
64 4650 2 4606 2 4555 2 144 3 4663 1 
65 3006 1 3911 6 3401 3 
66 4650 8 4606 2 
67 168 9 220 1 
68 4134 1 4362 1 4295 2 4369 1 4361 1 3911 1 4322 3 
69 144 3 4438 1 4362 1 4295 1 4369 1 4361 3 
70 2739 3 2759 1 2692 1 2693 4 2711 1 
71 4650 6 4606 2 4555 2 
72 2811 1 2863 1 2759 4 2904 2 2908 2 
73 3911 3 3401 3 3119 1 3107 3 
74 1297 1 1364 3 1186 2 1282 1 1245 2 1041 1 
75 1282 2 1245 7 1041 1 
76 3401 6 3107 1 3243 1 3210 2 
77 3911 3 3401 2 3107 1 3243 1 4083 2 3982 1 
78 3107 2 2957 3 3134 5 
79 4606 8 4555 1 4622 1 
80 3107 1 3243 1 2957 2 3268 1 3134 2 3180 2 3322 1 
81 144 1 168 1 220 1 196 2 179 1 251 2 154 2 
82 111 3 2693 1 2711 5 2641 1 
83 3911 3 4286 1 4283 6 
84 4362 1 4489 8 4361 1 
85 3243 2 3474 3 3557 3 3506 2 
86 4833 1 4650 6 4606 2 4803 1 
87 3243 2 3474 5 3557 3 
88 3911 1 3982 3 3971 2 3808 2 3474 2 
89 3808 7 3474 1 3557 1 3506 1 
90 2759 5 2908 3 2773 1 2768 1 
91 251 7 265 1 256 2 
92 220 9 196 1 
93 4650 2 4606 2 4663 5 4622 1 
94 3011 1 2984 3 2759 2 2908 2 3004 1 2923 1 
95 3557 2 3506 2 3134 2 3572 1 3180 2 3322 1 
96 3322 3 3166 4 3206 2 3253 1 
97 3557 4 3506 5 3322 1 
98 2773 2 2768 3 2693 5 
99 3557 7 3506 1 3166 2 
100 3557 2 3506 3 3206 5 
101 1282 3 1245 2 1041 1 1193 1 1342 1 995 1 1163 1 
102 76 8 86 1 3808 1 
103 1245 10 
104 1245 1 1041 1 1193 3 1342 3 995 2 
105 2773 1 2768 2 2693 3 2711 3 2641 1 
106 3506 3 3206 1 3340 6 
107 2693 5 2641 4 2698 1 
108 3911 2 4083 6 3982 1 3971 1 
109 65 8 76 2 
110 4083 2 3982 2 3971 5 3808 1 
111 4833 1 4803 6 4663 1 4622 2 
112 15 6 17 1 20 2 45 1 
113 4803 6 4663 3 4622 1 
114 4833 2 4663 1 4622 1 4689 2 4545 3 4805 1 
115 4489 6 4361 2 4442 1 4464 1 
116 4545 4 4530 2 4500 2 4489 1 4361 1 
117 2908 6 2923 4 
118 4545 1 4530 1 4500 1 4489 6 4361 1 
119 4622 7 4689 1 4530 1 4802 1 
120 4622 8 4489 2 
121 3206 1 3068 2 3100 1 3199 5 2984 1 
122 111 2 220 8 
123 1245 8 1193 2 
124 3253 10 
125 2773 1 2693 2 2711 2 2641 5 
126 4622 2 4689 1 4701 5 4819 2 
127 4083 9 3982 1 
128 4128 10 
129 45 3 65 1 58 2 42 3 76 1 
130 4622 2 4689 2 4701 5 4489 1 
131 4083 4 3982 6 
132 220 9 251 1 
133 4489 3 4361 5 4442 1 4464 1 
134 4489 3 4361 2 4464 1 4322 3 4357 1 
135 3808 6 3855 4 
136 3340 1 3253 6 3068 1 3260 2 
137 15 2 17 7 5 1 
138 1245 3 1193 1 1342 2 995 4 
139 4689 1 4701 9 
140 3982 4 3971 4 3808 2 
141 4701 2 4489 1 4361 2 4464 2 4322 3 
142 3506 1 3681 6 3659 1 3662 1 3533 1 
143 2984 2 3055 1 2908 6 3004 1 
144 3055 2 3041 8 
145 2923 1 2928 3 2693 6 
146 3102 3 3097 3 3095 1 3041 1 2928 1 3038 1 
147 3533 9 3340 1 
148 3982 1 3971 2 3808 5 4031 1 4034 1 
149 111 2 3340 3 3396 1 3468 1 3253 2 3412 1 
150 45 1 65 1 58 1 30 3 31 3 42 1 
151 111 1 3260 2 3199 1 3254 5 3288 1 
152 4819 10 
153 4361 10 
154 220 3 196 2 179 5 
155 1245 3 1193 1 1342 5 995 1 
156 15 4 17 3 20 3 
157 86 6 85 1 83 2 82 1 
158 3533 7 3468 1 3563 1 3412 1 
159 220 10 
160 4361 6 4464 3 4322 1 
161 4361 9 4464 1 
162 15 8 17 1 5 1 
163 3533 8 3468 2 
164 3533 6 3412 2 3472 1 3398 1 
165 3808 2 3855 4 3733 2 3681 2 
166 4819 2 4361 6 4464 1 4322 1 
167 1245 4 1342 4 1075 1 1326 1 
168 65 4 76 5 85 1 
169 3097 6 3095 2 2928 1 3038 1 
170 4322 6 4286 2 4283 1 4128 1 
171 3733 2 3681 1 3659 5 3750 1 3533 1 
172 2693 7 2711 3 
173 251 4 265 1 237 1 231 4 
174 4464 2 4322 1 4357 5 4343 1 4683 1 
175 4464 2 4322 3 4357 5 
176 3344 2 3254 3 3288 1 3128 1 3272 3 
177 4128 1 4083 1 3971 3 4031 1 4104 3 4034 1 
178 4322 6 4357 2 4343 1 4286 1 
179 4819 6 4464 4 
180 4819 4 4464 3 4322 3 
181 1342 1 1075 9 
182 2555 1 2554 4 1342 2 1075 2 365 1 
183 1342 1 1075 3 1326 2 1271 3 1115 1 
184 76 5 85 4 83 1 
185 45 3 65 6 58 1 
186 1342 1 1075 8 1115 1 
187 2576 5 2555 5 
188 4031 6 4034 3 4018 1 
189 4322 8 4357 1 4343 1 
190 1342 1 1075 6 365 3 
191 65 6 76 3 51 1 
192 4819 6 4464 2 4357 1 4343 1 
193 65 2 42 3 76 1 4128 4 
194 4819 1 4464 4 4357 1 4343 1 4683 2 4286 1 
195 220 7 196 3 
196 4083 1 4031 7 4034 2 
197 3254 7 3288 2 3128 1 
198 65 2 30 5 31 1 42 2 
199 65 3 30 3 31 2 42 1 76 1 
200 15 9 17 1 
