30
1 78 1 74 1 
2 64 6 
3 68 10 65 2 75 4 72 1 87 1 
4 76 9 82 3 65 1 74 1 
5 95 3 
6 97 5 90 1 
7 96 1 99 1 
8 9 2 21 6 79 7 19 7 20 1 
9 48 2 52 4 51 1 
10 72 5 94 3 79 1 76 1 82 1 80 2 91 1 
11 46 1 43 3 50 4 53 10 39 2 35 8 52 1 64 3 58 9 48 6 
12 50 1 51 7 43 1 39 4 59 2 
13 90 3 85 1 
14 91 1 89 1 
15 87 1 59 1 91 2 79 2 70 5 61 6 74 3 56 6 
16 94 1 98 1 93 1 
17 84 9 78 6 
18 27 6 67 7 64 1 54 3 94 2 78 2 18 6 26 5 74 4 44 5 92 10 47 1 59 1 
19 88 9 77 8 55 8 82 3 83 4 22 5 21 1 
20 97 3 93 2 88 1 94 2 96 1 
21 69 4 33 10 29 10 47 6 57 2 60 2 71 3 21 3 20 1 17 5 46 7 84 1 75 1 27 3 31 2 55 1 66 4 63 2 43 1 
22 30 1 26 5 49 2 41 9 78 1 37 10 48 2 51 2 28 3 25 8 36 1 42 3 
23 74 1 63 7 59 2 52 1 
24 85 3 
25 97 1 96 1 
26 99 2 
27 80 8 82 2 63 1 71 4 73 1 70 2 
28 54 6 32 3 56 4 69 6 65 1 
29 52 3 23 1 73 1 57 5 77 1 42 5 72 1 65 5 25 2 75 4 38 10 31 1 24 1 
30 58 1 61 4 62 2 60 1 54 1 
