500
1 5906 117 5986 191 5885 42 6154 4 8777 43 5974 163 5835 196 9094 166 8995 186 8947 153 6155 174 6200 87 5841 152 9151 178 8928 72 8824 101 6296 44 8880 174 6101 93 6122 184 6141 77 8976 168 9220 12 9017 198 6039 170 6021 130 6034 200 6353 108 6191 170 9157 63 9182 19 8923 159 9084 126 5811 46 9203 153 5889 111 9191 133 5721 83 5672 162 8920 17 9015 155 6074 32 6225 91 6085 95 6213 170 8818 14 8986 165 5971 63 8892 195 9217 160 6282 6 9387 4 5865 1 
2 8777 89 8995 7 8947 26 8928 118 8824 15 8880 8 8976 19 9017 2 8923 23 8920 37 9015 22 8818 15 
3 5906 43 5986 7 5885 93 6154 36 8777 6 5974 27 5835 3 9094 9 8995 1 8947 21 6155 3 6200 67 5841 43 9151 20 8928 4 8824 20 6296 3 8880 14 6101 12 6122 2 6141 14 8976 7 9220 126 6039 8 6021 42 6353 72 6191 28 9157 80 9182 65 8923 11 9084 63 5811 4 9203 28 5889 23 9191 48 5721 20 5672 29 8920 77 9015 18 6074 119 6225 47 6085 56 6213 3 8818 106 8986 22 5971 103 8892 5 9217 1 6282 86 9387 51 
4 8777 41 9094 18 8995 3 9151 1 8928 1 8824 16 8880 2 8976 3 9220 26 9157 44 9182 35 8923 1 9084 10 9203 4 9191 2 8920 40 9015 1 8818 1 8986 1 9217 1 9387 1 9253 2 8707 1 
5 8777 17 9094 6 8995 1 9151 1 8928 4 8824 22 8880 2 8976 3 9220 31 9157 1 9182 6 8923 6 9084 1 9203 5 9191 11 8920 7 9015 1 8818 51 8986 11 9217 4 9387 87 9253 167 8707 33 9193 34 8703 142 9196 4 8868 37 9283 166 8817 175 9047 171 9343 10 9101 135 8766 5 8833 3 
6 5906 36 5986 1 5885 39 6154 105 8777 1 5974 4 5835 1 9094 1 8995 2 6155 3 6200 42 5841 3 8928 1 8824 20 6296 49 6101 22 6122 9 6141 66 9220 2 6039 11 6021 26 6353 14 6191 1 9157 10 9182 60 5811 93 9203 6 5889 28 9191 2 5721 89 5672 3 8920 10 9015 3 6074 39 6225 47 6085 7 6213 11 8818 13 8986 1 5971 26 9217 25 6282 11 9387 16 5865 87 9253 19 8707 132 9193 166 8703 13 9196 105 5681 188 6186 46 8868 48 5815 68 5630 187 5911 44 6112 21 9283 7 6204 188 6073 90 6206 197 6273 37 8817 19 9047 1 6280 19 9343 22 5951 8 9101 11 
7 8777 2 8824 6 9157 1 8920 7 8707 2 8703 32 8868 72 8817 6 9047 11 9101 29 8766 127 8833 62 9005 3 8701 1 9060 2 8955 1 
8 8777 1 9220 3 9157 1 9182 13 9203 3 9191 1 8920 2 9217 7 9387 23 9253 2 9196 89 8868 10 9283 6 9047 2 9343 83 9101 16 8833 71 9005 38 9060 23 9226 5 8955 1 9245 1 
9 5906 3 5986 1 5885 12 6154 30 5974 2 6155 16 6200 2 5841 1 6296 53 6101 44 6122 2 6141 38 6039 9 6021 2 6353 6 6191 1 5811 22 5889 24 5721 4 5672 5 6074 2 6225 5 6085 9 6213 3 5971 4 6282 75 5865 111 5681 1 6186 2 5815 19 5630 5 5911 10 6112 131 6204 5 6073 6 6206 3 6273 53 6280 44 5951 8 5876 54 6265 39 6153 53 6244 197 5894 27 5659 63 5759 38 5946 198 6041 175 5617 107 5745 159 5861 53 6255 93 5629 105 6165 10 5639 103 6178 57 6393 61 6430 194 5692 57 5918 42 5947 105 5778 200 5979 28 5828 122 6272 53 5780 34 5729 115 6150 170 5924 111 6238 196 5788 166 6415 35 5553 15 6051 175 5796 175 5927 38 6127 42 6023 85 6032 1 6107 190 5849 46 5855 181 5955 143 5635 200 5893 124 6287 115 6343 38 6234 64 6115 77 5873 125 5913 82 6035 15 5751 103 5767 30 5999 51 5859 200 5816 41 6157 146 6201 117 5830 140 6061 95 6339 87 6361 57 6350 26 5625 25 5960 31 6049 16 6152 173 6078 156 5600 128 5908 24 5935 30 6334 9 5649 12 6297 5 5993 1 
10 9182 2 9203 1 9191 1 8920 2 9217 1 9387 5 9253 9 8707 24 8703 12 9196 2 8868 8 9283 14 9047 9 9343 1 9101 2 8766 46 8833 29 9005 100 8701 56 9060 30 9226 138 8955 62 9245 196 8747 76 9091 105 9105 9 8752 168 9509 113 8852 87 8971 189 8815 72 9066 107 9390 36 8872 95 9202 51 9277 170 8902 81 8958 195 9038 60 8953 195 9114 18 8922 1 8942 1 
11 5906 1 5885 10 6154 2 5974 1 
12 9191 2 9217 1 9253 1 9283 6 9226 35 9245 2 9202 13 9277 5 9114 22 9228 38 9251 17 9169 28 9123 1 9237 1 9177 2 
13 5885 4 6154 14 5974 3 6155 3 6200 1 5841 1 6296 18 6101 26 6122 1 6141 3 6039 1 5811 14 5889 14 5721 4 5672 1 6074 8 6225 10 6085 8 6213 1 5971 2 6282 19 5865 1 5681 2 6186 15 5815 103 5630 4 5911 75 6112 44 6204 2 6073 7 6273 104 6280 100 5951 69 5876 65 6265 91 6153 15 6244 2 5894 73 5659 121 5759 33 5946 2 6041 3 5617 48 5745 33 5861 116 6255 67 5629 59 6165 15 5639 78 6178 30 6393 101 6430 4 5692 1 5918 100 5947 6 5979 43 5828 58 6272 59 5780 146 5729 25 6150 22 5924 34 6238 3 5788 31 6415 11 5553 32 6051 6 5796 21 5927 162 6127 87 6023 95 6032 184 6107 4 5849 126 5855 7 5955 22 5893 8 6287 17 6343 113 6234 33 6115 84 5873 69 5913 108 6035 67 5751 27 5767 115 5999 52 5816 74 6157 22 6201 61 5830 8 6061 3 6339 1 
14 8920 1 9387 8 8707 2 8703 1 8868 14 9283 1 9047 2 9343 51 9101 1 8766 22 8833 32 9005 49 8701 28 9060 26 9226 6 8955 114 9245 1 8747 4 9091 69 9105 164 8752 19 9509 22 8852 105 8971 3 8815 91 9066 44 9390 164 8872 6 9202 36 9277 6 8902 5 8958 2 9038 13 8953 5 9114 13 8922 8 8942 1 9050 2 8741 1 8876 1 9048 1 
15 6154 6 6155 1 6200 1 6296 6 6101 1 6122 2 6141 1 6039 1 5811 19 6085 10 6213 12 5971 1 6282 1 9387 1 8707 4 5681 6 6186 2 8868 7 5815 10 5630 4 5911 17 6112 1 6204 4 6073 29 6273 3 9047 4 6280 32 9343 12 5951 45 9101 4 5876 29 6265 55 6153 66 6244 1 5894 21 5659 2 5759 11 8833 1 9005 7 
16 9387 2 8707 2 8868 3 9343 4 9101 1 8833 1 9005 1 8701 33 9060 17 9226 3 8955 12 8747 76 9091 4 9105 17 8752 3 9509 16 8852 4 8971 1 8815 35 9066 26 8872 80 9202 11 9277 18 8902 25 8958 2 
17 9387 1 8868 1 9343 15 9101 1 8833 1 9005 2 8701 17 9060 86 9226 3 8955 1 
18 6154 3 6296 5 6101 1 6141 1 5811 1 6085 1 5971 1 6282 2 5681 3 6186 79 5911 54 6112 3 6204 1 6073 18 6273 1 6280 1 5951 58 5876 19 6265 5 6153 52 5894 31 5659 7 5759 61 8701 18 6041 5 5617 8 5745 6 5861 13 6255 38 5629 18 6165 85 5639 5 6178 67 6393 10 6430 1 8747 18 5692 94 5918 43 8752 2 5947 5 8852 3 8815 1 5979 6 5828 8 6272 61 5780 8 5729 9 6150 7 5924 52 6238 1 5788 3 6415 52 5553 32 6051 10 5796 2 6127 50 6023 12 6032 14 6107 3 8741 193 5849 21 5855 1 5955 12 5893 21 6287 47 6343 44 6234 11 6115 25 5873 1 5913 9 6035 60 5751 1 8845 193 5767 21 8835 180 5999 26 5816 35 6157 8 6201 7 8797 47 5830 11 6061 60 6339 96 6361 96 8648 100 8667 2 6350 109 5625 23 5960 61 6049 2 
19 6296 3 6101 1 5811 1 6085 8 6186 33 6073 7 6273 1 6280 3 5951 11 5876 28 6265 6 6153 6 5894 38 5659 4 5759 18 6041 1 5617 16 5745 1 5861 18 6255 2 5629 1 6165 41 5639 11 6178 40 6393 27 6430 1 5692 39 5918 3 5947 74 5979 104 5828 5 6272 1 5780 2 5729 41 6150 1 5924 3 6415 61 5553 67 6051 9 5796 1 6127 5 6023 1 6032 1 6107 1 5849 2 5855 2 5955 18 5893 40 6287 14 6343 5 6234 4 6115 5 5873 3 5913 1 6035 36 5751 37 5767 21 5999 45 5816 23 6157 6 6201 13 5830 30 6061 18 6339 5 6361 13 6350 29 5625 86 5960 93 6049 105 6152 14 6078 38 5600 18 5908 131 5935 35 6334 147 5649 159 6297 135 5993 7 6529 123 6063 136 6130 196 5717 14 5763 181 6329 25 5912 31 6477 111 5900 112 5786 46 6181 157 6398 66 6269 9 6253 186 6066 199 5878 74 6025 177 6333 30 6461 91 5929 76 6092 9 
20 6296 9 6085 5 9387 1 6186 8 6073 34 6273 1 6280 1 9343 1 5951 1 5876 5 6265 2 6153 4 5894 2 5659 2 5759 4 8701 44 6041 7 5617 13 5745 1 9060 9 9226 7 8955 2 5629 4 6165 42 5639 2 6178 6 6393 1 8747 17 5692 3 9091 5 5918 1 9105 1 8752 3 5947 5 9509 17 8852 1 8971 5 8815 1 5979 12 5828 3 6272 5 9066 5 5780 3 5729 5 8872 10 9202 87 9277 1 8902 33 8958 1 9038 81 6415 38 5553 4 5796 1 6127 5 9114 108 8922 98 8942 36 6023 1 9050 3 6107 1 8741 3 5849 2 5855 9 5955 2 8876 27 5893 3 6287 2 9048 79 6234 67 6115 3 5873 2 6035 20 9228 39 9251 1 9468 2 5751 2 
21 9526 6 9638 7 9519 1 9576 2 9539 1 9601 1 
22 2556 173 5152 42 5146 12 2576 1 2567 106 5145 58 2621 83 2650 150 2840 117 2599 106 2529 56 2610 42 2528 38 5138 17 5099 140 5094 33 2474 34 5151 25 2588 12 5129 3 5124 3 2486 1 5126 1 2641 1 2481 1 
23 6296 6 6085 1 6186 14 6073 3 6265 2 6153 1 5894 1 5659 1 5759 26 6041 8 5617 2 5629 11 6165 3 5639 1 5692 5 5918 9 5947 4 5979 2 5828 3 6272 21 5780 3 5729 4 6415 1 5553 26 6127 5 6023 4 6107 1 5849 2 5955 3 5893 1 6287 2 6234 6 6115 2 6035 1 5751 10 5767 2 5999 26 5816 16 6157 5 6201 1 5830 11 6061 13 6339 9 6361 12 6350 19 5625 9 5960 5 6049 6 6152 12 6078 1 5600 10 5908 35 5935 24 6334 14 5649 9 6297 46 5993 174 6529 6 6063 13 6130 2 5717 156 5763 14 6329 175 5912 8 6477 1 5900 88 5786 132 6181 17 6398 39 6269 118 6253 10 6066 1 5878 15 6025 9 6333 128 6461 93 5929 54 6092 29 5827 130 6185 3 5556 180 6242 132 5670 177 5715 138 6433 69 6471 12 5772 158 5726 26 6093 20 5521 152 6347 21 6442 10 5892 105 5854 171 5774 69 6143 20 6019 156 5660 175 6056 130 5831 100 6116 142 5793 178 6479 112 6301 196 6302 197 5643 134 6010 139 5601 19 6322 6 5782 1 6292 1 5943 1 
24 9343 1 8701 2 9060 1 9226 2 8955 7 8747 8 9091 7 9105 2 8752 5 9509 10 8971 1 9066 9 8872 3 9202 2 8902 28 9038 37 9114 5 8922 26 8942 123 9050 36 8741 1 8876 36 9048 48 9228 2 9251 3 
25 9060 5 9226 1 9091 8 9105 6 9066 7 9038 1 9114 22 9050 21 9048 64 9228 116 9251 101 9468 36 9169 12 9021 4 9413 7 9123 2 9237 1 9177 1 
26 6296 4 6186 1 6073 2 6153 1 5894 5 5759 3 8701 1 6041 1 5617 3 5629 2 6165 4 5692 1 5918 2 5947 1 5979 3 5828 1 5780 1 5729 1 6415 1 5553 17 6127 3 6023 2 5849 1 5893 1 6287 1 6234 10 6115 2 6035 1 5751 1 5767 9 5816 11 6157 5 6201 1 6061 11 6339 2 6361 1 8648 52 8667 135 6350 6 5625 33 5960 4 6049 49 6152 1 8609 37 6078 4 5600 12 8597 84 5908 1 5935 74 6334 12 5649 11 6297 10 5993 16 6529 58 6063 29 6130 2 5717 25 5763 3 5912 60 6477 57 8479 51 5786 22 6181 9 6398 14 6269 64 6253 1 5878 84 6025 10 6333 13 6461 14 5929 33 6092 8 5827 45 6185 169 5556 15 6242 41 5670 7 5715 32 6433 116 6471 14 5772 26 5726 53 6093 142 5521 37 6347 64 6442 35 5892 88 5854 1 5774 128 6143 148 6019 14 5660 20 6056 39 5831 54 6116 11 5793 13 6479 65 6301 4 6302 2 8588 35 5643 16 6010 36 5601 87 6322 1 8493 4 8728 3 
27 6073 4 6153 2 5894 2 5759 5 5617 2 5979 1 5780 3 6415 1 5553 4 6127 2 5893 2 6287 2 6234 3 6115 2 5751 6 5767 2 6157 2 6361 1 6350 6 5625 10 5960 1 6049 15 6078 1 5600 8 5908 1 5935 28 6334 6 5649 4 6297 1 5993 1 6529 13 6063 10 5717 2 5763 2 5912 7 6477 10 8479 106 6181 6 6398 33 6269 2 6253 3 5878 18 6025 3 6333 5 6461 1 5929 12 6092 41 5827 13 6185 17 5556 5 6242 13 5670 9 5715 2 6433 1 6471 70 5772 1 5726 55 6093 25 5521 3 6347 1 
28 5759 1 5617 1 9060 1 8747 1 9091 1 9105 1 9509 22 8971 1 5979 1 9066 2 8872 6 8902 18 9038 3 5553 1 6127 1 9114 5 8922 61 8942 37 9050 101 8741 2 8876 2 9048 2 6234 2 9228 1 9251 1 
29 9091 1 8902 2 9038 4 9114 5 8922 4 8942 2 9050 1 8876 71 9048 4 9228 1 9251 19 8845 2 8835 17 9169 50 8977 122 6157 2 8797 15 8862 3 9021 79 9123 22 9237 167 6361 3 8648 10 9177 99 8667 41 6350 5 5960 1 6049 6 8855 145 8609 160 8780 106 8597 97 8861 9 5935 2 6334 2 8865 54 9312 15 6297 1 5993 1 9115 73 8908 130 9052 26 6063 12 8745 101 9112 26 9009 72 6477 11 8479 6 8849 9 6181 6 9100 105 8739 174 9189 23 9262 151 6398 8 9152 114 8883 51 6269 3 8830 33 8859 10 6025 1 6333 1 6461 1 6092 2 
30 8902 5 9038 1 9114 2 8922 2 9050 13 8876 56 9048 2 9228 3 9251 57 9468 15 8845 2 8835 2 9169 86 8977 59 8797 90 8862 102 9021 16 9413 189 9123 51 9237 18 8648 13 9177 58 8667 5 8855 28 8609 3 8780 19 8597 13 8861 168 9482 109 8865 5 9312 94 9115 10 
31 5553 2 5751 8 6157 2 6361 15 5625 6 5960 4 6049 1 5600 11 5908 1 5935 5 6334 3 5649 5 6297 2 5717 3 5912 53 6477 2 6181 1 6398 36 6269 3 5878 7 6333 13 5929 14 6092 88 5827 8 6185 5 6242 1 5670 7 5715 11 6433 9 6471 46 5772 1 5726 8 6093 1 5521 5 6347 73 6442 40 5892 3 5854 10 5774 1 6143 7 6019 27 5660 5 6056 24 5831 23 6116 24 5793 8 6479 3 6302 1 5643 26 6010 16 5601 19 6322 172 5782 178 6292 128 5943 27 5858 91 5987 69 6081 115 5920 12 5506 59 6028 132 6568 7 6539 11 6006 24 6040 178 6362 58 5602 180 5642 15 6283 86 6367 28 5837 4 6121 6 6505 6 6246 4 5819 1 5655 1 
32 5751 4 6157 2 6361 2 5625 2 5600 10 5908 5 5935 1 6334 5 5912 6 6477 5 6181 4 6398 4 6269 1 5878 1 6333 5 5929 10 6092 15 5827 4 6185 5 6242 1 5715 8 6433 5 6471 58 5772 9 5726 36 6093 3 5521 2 6347 5 6442 9 5892 1 5854 18 5774 1 6143 23 6019 2 6056 7 5831 6 6116 5 5793 1 6479 7 5643 21 6010 9 5601 20 6322 9 5782 20 6292 40 5943 38 5858 67 5987 42 6081 41 5920 180 5506 41 6028 54 6568 114 6539 89 6006 98 6040 7 6362 136 5602 15 5642 63 6283 14 6367 63 5837 139 6121 12 6505 136 6246 152 5819 24 5655 192 6344 199 6158 137 6324 46 6340 53 5888 188 5558 60 5696 74 5990 88 6483 50 5679 40 5998 100 6261 115 6211 44 6385 185 6125 130 5743 195 6136 64 6008 1 6364 151 5652 84 6151 10 6126 117 6437 7 6512 58 7526 29 6139 142 5596 108 6005 9 6258 9 5738 118 6566 181 6526 45 6087 16 6022 115 6426 92 5938 1 6298 89 7621 28 5996 69 5590 144 6159 28 7134 179 5925 157 6326 78 5856 110 7955 114 5733 90 6110 34 6469 94 6360 52 6365 82 6445 49 6444 27 5826 8 5732 101 5731 147 6588 70 5981 155 6014 167 6227 81 5787 5 
33 8902 2 8876 4 8845 3 8835 1 8797 44 8862 28 8648 12 8667 5 8855 6 8780 7 8597 2 8861 10 8865 52 8745 21 8479 22 8849 81 8739 22 8883 131 8830 91 8859 132 8801 111 8737 101 8886 125 8754 21 8828 45 8767 8 8810 133 8588 18 8860 26 8493 52 8728 49 8783 29 8699 2 8822 2 8671 2 
34 5751 1 5625 4 5600 1 5908 2 5935 1 6334 1 5912 23 6477 1 5878 1 6333 3 5929 1 6092 2 6185 1 6242 10 5715 6 5772 5 5726 12 6093 7 5521 1 6347 22 6442 60 5892 2 5774 1 6143 2 6019 1 5831 11 6116 6 6479 11 5643 3 5601 51 6322 5 5782 1 6292 23 5943 61 5858 18 5987 80 6081 28 5920 3 5506 4 6028 11 6568 35 6539 15 6006 27 6040 8 6362 6 5602 5 5642 104 6283 9 6367 106 5837 26 6121 42 6505 22 6246 12 5819 24 5655 1 6344 1 6158 2 6324 3 
35 5625 1 5600 1 6334 1 5912 9 6477 1 6333 2 6092 1 6242 2 5715 3 5726 3 6093 2 6347 5 6442 6 5892 1 5831 6 6116 10 6479 2 5601 3 6322 6 6292 3 5943 44 5858 15 5987 3 6081 3 5920 3 5506 92 6028 2 6568 15 6539 76 6006 27 6040 4 5642 13 6283 65 6367 1 5837 29 6121 23 6505 7 6246 25 5819 40 5655 4 6158 58 6324 108 6340 115 5888 1 5558 122 5696 11 5990 67 6483 121 5679 97 5998 72 6261 67 6211 142 6385 10 6125 7 5743 1 6136 133 6008 163 6364 9 5652 113 6151 52 6126 61 6437 66 6512 21 7526 73 6139 45 5596 9 6005 121 6258 77 5738 59 6566 16 6526 25 6087 46 6022 22 6426 11 5938 185 6298 69 7621 33 5996 105 5590 47 6159 48 7134 6 5925 23 6326 55 5856 79 7955 24 5733 58 6110 136 6469 11 
36 9050 3 8977 4 9021 67 9052 13 9009 1 
37 8902 1 9050 9 8876 1 9251 1 9468 115 9169 9 8977 9 8797 4 8862 50 9021 25 9413 4 9123 17 9237 7 8648 2 
38 7526 66 7621 90 7955 7 7497 86 7585 34 7917 197 7777 10 7850 20 7844 1 
39 9468 17 9482 79 9449 66 9431 96 9526 67 9440 1 9379 3 9429 5 9457 1 9412 1 
40 9050 5 8876 1 9468 6 9169 11 8977 4 8862 12 9021 2 9123 24 9237 6 8648 4 9177 7 8667 8 5625 1 8855 12 8780 67 5600 1 8597 4 8861 2 9482 1 8865 34 9312 60 9115 102 8908 24 9052 103 8745 18 9112 92 9009 105 9449 75 5912 2 6477 1 8479 13 8849 84 9100 50 8739 2 9189 154 9262 7 9152 29 9431 44 9345 186 8883 10 8830 21 8859 8 6092 3 8938 158 9016 52 8801 29 8737 75 9526 54 8886 38 8754 117 8828 68 8968 64 9028 156 5726 3 6347 6 6442 14 8917 143 9033 188 9206 164 9255 49 9078 19 9075 121 9051 35 9000 67 9204 178 8767 34 8810 1 6116 2 9440 39 8588 1 8860 2 
41 9050 6 8876 1 9468 8 9169 1 8977 1 8862 1 9021 6 9123 67 8648 5 9177 16 8667 1 8855 2 8780 1 8861 7 9482 9 8865 24 9312 22 9115 8 8908 21 9052 14 8745 38 9112 1 9009 6 9449 21 5912 1 8479 2 8849 12 9100 16 8739 2 9189 12 9262 7 9152 55 9431 41 9345 14 8883 3 8830 13 8859 49 6092 1 8938 18 9016 30 8801 20 8737 21 9526 27 8886 7 8754 37 8828 10 8968 17 9028 26 5726 4 6347 2 6442 19 8917 56 9033 8 9206 34 9255 91 9078 1 9075 32 9051 140 9000 109 9204 22 8767 19 8810 44 9440 130 8588 92 8860 24 9379 74 5601 1 6322 1 8493 23 8728 35 8783 50 9429 138 6292 3 8699 143 5943 13 9001 116 9083 188 5858 6 9457 94 5987 1 6081 1 5920 2 8992 187 5506 2 8822 62 8671 33 8869 36 6028 1 8583 137 6568 3 6539 9 9298 36 6006 9 8891 83 9118 89 9103 102 8983 60 6040 3 5642 1 9025 166 6283 19 9087 185 9351 35 9129 36 6367 1 9058 187 5837 1 6121 85 8641 14 8840 152 6505 15 8870 107 8903 170 6246 4 8653 36 8646 167 8709 44 9412 43 5819 6 9371 13 8674 41 5655 1 9252 44 6158 1 6324 35 8664 139 6340 27 8571 128 5888 1 5558 8 8836 126 5696 86 5990 45 6483 29 5679 58 5998 24 6261 17 6211 3 9304 73 6385 3 8606 161 8716 72 6125 61 8776 91 5743 1 6136 2 8916 6 6008 1 6364 16 
42 8862 4 8648 2 8667 3 8855 2 8861 1 8865 17 8908 25 8745 19 8849 10 8883 1 8830 5 8859 1 6092 1 8938 14 8801 27 8737 3 8886 19 8754 6 8828 63 6347 1 6442 5 8917 1 8767 106 8810 8 8588 10 8860 114 8493 112 8728 53 8783 90 6292 2 8699 47 5943 1 5858 3 
43 9468 1 9169 2 8977 1 9021 1 9123 10 9177 12 8855 3 8861 3 9482 1 8865 5 9312 2 9115 7 9052 10 8745 3 9112 1 9009 14 9449 26 8849 2 9100 14 9189 5 9262 29 9152 2 9431 15 8883 3 8830 16 8938 9 9016 116 8801 13 9526 37 8886 8 8754 2 8828 4 8968 69 9028 18 9033 2 9206 2 9255 59 9078 14 9075 28 9051 24 9000 2 8767 32 8810 3 9440 21 8588 22 8860 11 9379 107 8493 7 8728 1 8783 5 9429 29 8699 5 9001 83 9083 12 9457 23 8992 1 8822 30 8671 43 8869 40 8583 7 9298 1 
44 6442 2 5943 12 5987 3 6081 2 5506 2 6568 14 6006 5 5642 2 6283 4 6367 1 5837 1 6121 16 6505 10 6246 3 5819 79 5655 1 6158 1 6324 8 6340 3 5888 7 5558 6 5696 23 5679 4 5998 2 6261 1 6211 8 6385 2 6125 2 5743 3 6136 1 6008 14 6364 14 5652 1 6151 120 6126 2 6437 83 6512 103 7526 21 6139 11 5596 31 6005 1 6258 95 5738 20 6566 1 6526 83 6087 100 6022 48 6426 89 5938 8 6298 22 7621 32 5996 13 5590 7 6159 31 7134 3 5925 17 6326 59 5856 7 5733 35 6110 5 6469 42 6360 76 6365 18 6445 116 6444 164 5826 171 5732 24 5731 8 6588 55 5981 12 6014 19 6227 71 5787 155 5492 91 5957 61 6184 180 5982 58 6133 81 7026 55 6171 151 5574 187 6342 198 6096 83 7153 122 5768 59 6209 70 5699 180 6983 96 5454 22 5820 5 5705 37 7497 88 5917 6 
45 9755 4 9790 107 9789 12 9796 2 
46 9169 1 9123 3 9177 2 8855 2 9482 1 8865 9 9312 5 9052 2 9112 37 9009 1 9449 7 8849 2 9100 10 9189 5 9262 4 9431 2 8883 1 8830 1 8938 1 9016 2 9526 1 8886 2 8754 5 8828 7 8968 42 9033 2 9255 1 9078 62 9075 1 9051 1 9000 1 8767 1 8810 9 9440 3 8860 8 9379 10 8728 22 8783 11 9429 6 8699 3 9001 1 9457 82 8992 4 8822 66 8671 87 8869 3 9298 6 8891 35 9118 1 9103 1 
47 9123 2 9177 2 9312 2 9052 3 9112 30 9009 1 9449 1 9100 1 9189 1 9262 2 9431 2 8830 12 8886 1 8754 7 8828 1 8968 5 9078 10 9075 1 9000 8 8810 2 9440 3 8588 7 8860 5 9379 1 8493 1 8728 13 8783 9 9429 10 5943 2 5987 2 6081 4 8992 4 8822 20 8671 18 8869 56 8583 26 6568 11 9298 151 6006 9 8891 3 9118 94 9103 50 8983 43 5642 2 9025 5 6283 1 9087 10 9351 50 9129 143 9058 6 6121 11 8641 95 8840 18 6505 3 8870 65 8903 25 8653 41 8646 3 8709 87 9412 84 5819 4 9371 181 8674 65 9252 133 6158 1 8664 10 6340 2 8571 70 5888 3 5558 2 8836 41 5696 3 5679 1 5998 1 6211 3 9304 121 8606 19 8716 126 8776 21 8916 122 6008 10 6364 8 8934 195 5652 2 8557 146 6151 10 9156 177 8678 10 6126 6 9125 86 6437 23 6512 6 8484 53 9452 135 9173 78 8497 10 8733 2 
48 9123 1 9177 1 9052 16 9112 10 9449 4 9100 2 8830 5 8754 3 8828 1 8968 3 9078 56 9075 2 9000 7 9440 1 8588 12 8860 9 9379 3 8493 1 8728 2 8783 3 9429 10 8992 3 8822 19 8671 7 8869 55 8583 14 9298 3 8891 2 9118 10 9103 3 8983 70 
49 5943 1 6081 2 6568 1 6006 1 6283 1 6121 3 6505 1 5819 15 5558 2 5696 3 5998 1 6008 6 6364 2 6151 1 6126 1 6437 18 6512 1 8484 38 8497 136 7526 1 6139 1 5596 52 6005 10 6258 3 5738 2 6566 1 6526 32 6087 11 6022 1 6426 4 5938 1 6298 11 7621 16 5996 7 5590 2 6159 31 7134 3 5925 2 6326 4 5856 1 7955 43 5733 10 6110 13 6469 51 6360 23 6365 84 6445 10 6444 7 5826 13 5732 51 5731 20 6588 41 8521 194 5981 15 6014 9 6227 46 5787 30 5492 10 5957 39 6184 10 5982 59 6133 58 8508 13 7026 101 6171 39 5574 7 6342 1 6096 13 7153 62 5768 78 6209 21 8424 38 5699 8 6983 13 5454 177 5820 139 5705 30 7497 4 5917 39 5720 56 5994 61 6551 187 8400 46 5755 91 6481 132 6182 55 6416 63 5923 53 6260 174 6439 163 8070 123 6018 35 6305 188 7585 160 6057 108 5663 29 5870 141 8477 84 5685 35 6496 165 6037 63 6510 66 5725 21 5939 198 5664 120 5540 20 5864 48 5977 80 6135 103 7178 10 5741 192 5734 57 6460 3 5821 2 
50 9052 3 9112 3 9100 1 8830 1 9526 4 8754 1 8828 1 9078 29 9075 15 9000 1 9440 1 8588 3 8860 1 9379 2 8728 2 8783 1 9429 2 6081 2 8992 1 8822 1 8671 4 8869 9 8583 4 9298 3 8891 76 9118 4 9103 12 8983 17 9025 8 6283 1 9087 1 9351 43 9129 5 9058 3 6121 1 8641 19 8840 5 8870 4 8903 1 8653 113 8646 5 8709 22 9412 68 5819 6 9371 3 8674 7 9252 17 8664 38 8571 2 8836 27 9304 4 8606 10 8716 2 8776 8 8916 54 6008 1 8934 2 8557 43 6151 7 9156 6 8678 187 6126 11 9125 49 9638 25 6437 1 6512 3 8484 83 9452 42 9173 120 8497 13 8733 17 8950 13 8894 33 7526 10 8625 3 6139 1 8560 1 9519 1 8831 1 9510 1 
51 9052 8 9100 1 8830 1 9526 1 8754 1 9078 3 9000 1 9440 1 8728 10 8783 1 8671 2 8869 1 8583 10 8891 1 9118 2 9103 15 8983 10 9025 21 9087 2 9351 55 9129 14 9058 4 8641 10 8840 20 8870 13 8903 3 8653 3 8646 5 8709 4 9412 1 9371 2 8674 80 9252 4 8664 4 8836 6 9304 2 8606 7 8776 24 8916 10 8934 2 8557 1 9156 5 8678 2 9125 63 6512 5 8484 20 9452 10 9173 1 8497 30 8733 156 8950 184 8894 102 8625 171 8560 3 9519 8 
52 6081 1 6121 1 6008 4 6126 2 6437 1 6512 2 6005 43 6258 6 6566 1 6526 15 6087 12 6022 4 6426 4 5938 5 6298 3 7621 1 5996 5 6159 11 7134 7 5925 1 6326 2 6110 4 6469 1 6360 11 6365 13 6445 2 6444 1 6588 10 5981 2 6014 5 6227 2 5957 89 6184 5 5982 58 6133 23 7026 10 6171 6 6342 1 6096 29 7153 15 6209 11 6983 83 7497 10 5917 139 5994 72 6551 1 6481 19 6182 28 6416 20 5923 16 6260 23 6439 9 6018 128 6305 3 7585 4 6057 70 5870 23 6496 3 6037 53 6510 124 5939 1 5864 18 5977 2 6135 5 7178 1 6460 2 
53 8728 10 8783 1 8671 1 8583 2 8641 57 8653 5 8646 8 8709 19 8674 3 8664 1 8606 2 8776 32 8557 7 8678 1 8484 5 8497 6 8733 16 8625 11 8560 8 8809 54 8804 37 8526 58 8742 9 8657 1 8594 2 8756 1 
54 9052 2 8830 1 9526 3 9078 3 9000 1 8671 3 9103 4 9087 2 9351 12 9129 2 8641 4 8840 4 8870 6 8903 1 8653 1 8646 11 8709 22 9412 3 9371 1 8674 4 9252 2 8664 8 8606 1 8776 10 8916 3 8934 1 8557 1 9156 10 9125 2 9638 143 8484 1 9452 13 9173 1 8497 5 8733 4 8950 2 8894 30 8625 7 8560 15 9519 10 8831 133 9510 149 8809 113 8804 46 8874 37 8526 46 8834 5 9415 4 
55 8641 1 8653 1 8646 1 8709 1 8557 1 8733 5 8625 1 8560 21 8526 91 8742 2 8657 126 7955 1 8594 20 8756 20 8521 4 8537 21 8508 7 8748 4 
56 7134 2 7955 5 7153 1 7497 7 8070 36 7585 2 7178 115 7917 1 8164 135 7148 64 7349 45 7777 34 7850 8 7844 3 8239 1 
57 6081 1 5819 1 6437 1 6512 1 6005 11 6258 9 5738 1 6087 9 6022 4 6298 5 5996 1 6159 2 6326 1 5856 1 5733 5 6110 5 6469 1 6360 8 6365 2 6445 20 6444 1 5826 8 5732 13 5731 16 6588 1 5981 2 5787 2 5492 28 5957 7 6184 5 5982 21 6133 35 7026 16 6171 3 5574 2 6096 46 5768 18 6209 23 5699 9 6983 1 5454 1 5820 49 5705 42 7497 5 5917 4 5720 64 5994 18 6551 3 5755 22 6481 23 6182 84 6416 1 5923 75 6260 2 6439 15 6018 34 6305 3 6057 9 5663 113 5870 31 5685 96 6496 9 6037 50 6510 8 5725 114 5939 1 5664 32 5540 109 5864 105 5977 26 6135 51 7178 32 5741 5 5734 16 6460 107 5821 82 5975 78 5922 110 5890 49 5351 164 5654 113 5926 16 5769 11 6998 2 6103 1 6325 1 
58 9078 3 9000 3 9103 11 9351 5 8840 1 8870 4 8709 1 8776 13 8916 3 8557 1 9156 2 8950 1 8894 1 8625 1 
59 9103 1 8870 1 8776 1 8916 1 8894 14 8625 2 8560 127 8831 48 6005 4 6258 1 8809 31 8804 51 8874 148 6087 2 6022 4 8526 5 6298 1 8834 86 8742 92 8657 14 9126 35 9171 47 6159 24 9065 145 6326 1 5856 1 7955 4 8594 37 5733 1 6110 2 6360 17 6365 1 8756 144 6445 2 8875 8 5732 11 5731 2 6588 6 8521 1 9036 181 8895 147 8537 90 5981 11 5787 7 5492 34 5957 1 5982 1 6133 1 8508 29 7026 18 8748 117 6171 1 5574 4 6096 6 5768 35 9149 142 6209 22 8424 43 9148 58 8585 193 8650 80 5699 3 6983 1 5820 5 5705 39 8926 73 5917 8 9144 27 5720 12 5994 19 6551 2 9044 80 8400 104 9034 85 5755 27 6481 10 8909 33 6182 33 6416 18 8665 163 5923 36 6260 1 9045 122 6439 13 8070 7 8997 185 6018 2 6305 6 6057 8 5663 55 5870 2 8477 113 8554 156 5685 38 6496 12 6037 31 6510 2 5725 45 5664 32 5540 39 5864 15 5977 4 6135 7 
60 9103 1 8916 1 8894 18 8625 4 8560 18 8831 9 6005 1 8809 1 8804 57 8874 7 6087 1 6022 2 8834 89 9415 105 8742 66 8657 54 9126 27 9171 137 9274 73 6159 21 9269 29 9065 36 5856 1 7955 1 8594 103 5733 1 9334 36 6110 1 6360 6 8756 13 6445 1 8875 80 5731 6 6588 17 8521 1 9036 1 9417 142 8895 37 8537 77 5981 1 5787 1 5492 10 5957 2 5982 2 6133 2 8508 84 8748 41 6096 4 5768 4 9149 55 6209 36 8424 30 9148 55 8585 2 8650 41 9488 99 6983 5 5820 1 5705 21 8926 31 5917 1 9144 54 5720 68 9322 36 5994 2 
61 6087 3 6159 2 6360 4 5731 1 5981 2 5492 17 5957 1 5982 1 6096 9 5768 1 6209 5 5820 1 5705 16 5917 2 5994 16 6551 7 5755 28 6481 2 6416 96 5923 8 6018 1 6057 4 5663 3 5870 2 5685 28 6496 6 6037 1 5725 20 5664 10 5540 19 5864 12 5977 78 6135 33 5741 1 5734 18 6460 33 5821 46 5975 55 5922 17 5890 87 5351 10 5654 10 5926 177 5769 91 6103 49 6325 3 6669 37 6229 5 6310 3 
62 2221 65 2556 9 2336 194 2576 146 2567 58 2371 162 2172 144 2090 90 2621 32 2650 4 2366 48 2840 34 2599 16 2529 4 2383 6 2610 81 2335 29 2388 26 2528 18 2439 30 2151 89 2474 40 2299 179 2452 78 2260 58 2359 29 2588 5 2276 139 2287 110 2153 70 2407 144 2486 1 2069 1 
63 9638 18 8894 1 8560 1 9519 49 8831 9 9510 11 8809 1 
64 8560 4 8804 9 8874 5 8834 10 8742 7 8657 3 6159 2 7955 1 8594 20 6360 1 8756 19 8875 46 8537 10 5492 2 8508 5 8748 4 6096 5 5768 2 6209 6 8424 6 8585 4 8650 63 6983 1 5705 1 5917 1 5994 4 8400 29 5755 7 6481 10 6416 1 8665 4 5923 8 8070 14 6057 1 5870 1 8477 3 8554 4 5685 3 6496 2 6037 1 5664 2 5540 11 5864 2 5977 4 6135 1 7178 31 5741 1 5734 20 6460 39 5821 18 5975 30 8853 14 5922 14 8711 162 8596 180 5890 23 5351 3 5654 18 5926 7 8877 161 8788 40 8706 185 5769 17 8559 190 6998 88 6103 128 6325 98 6669 113 6229 52 6310 27 7917 2 5468 91 6172 81 6982 45 8763 157 6065 177 8736 20 6027 16 8164 56 8608 72 8732 170 5622 54 6055 160 6024 74 5482 162 5453 171 6315 3 6168 163 5942 3 6394 1 8774 1 
65 9638 7 8894 1 8560 1 9519 115 9510 5 8874 2 8834 7 9415 26 8742 7 8657 2 9126 93 9171 3 9274 76 9269 4 9065 11 8594 18 9334 25 8756 2 8875 55 9036 9 9417 38 8895 2 8537 2 8508 44 9499 91 8748 20 9149 1 8424 75 9148 42 8585 1 8650 2 9488 90 9576 92 8926 37 9144 111 9322 20 9044 15 8400 1 9034 1 
66 6360 1 5492 3 6096 5 5768 1 6209 1 5705 4 5994 6 5755 7 5923 2 6037 1 5664 1 5540 1 5977 1 5741 1 5734 66 5821 25 5975 11 5922 1 5890 41 5351 12 5654 36 5769 20 6103 16 6325 29 6229 128 6310 1 
67 9519 16 9510 34 9415 51 9126 21 9171 10 9274 33 9269 142 9334 60 9417 9 9499 11 9149 1 
68 9415 3 9126 9 9171 1 9274 17 9269 22 9065 5 9334 42 9417 1 9499 94 9149 1 9148 27 9488 9 9576 1 
69 5492 1 5768 2 6209 3 5705 1 5994 2 5755 12 5923 1 5664 3 5540 1 5977 2 5734 17 5821 7 5975 3 5922 16 5351 1 5654 8 5769 23 
70 2221 19 2556 15 5152 144 5146 156 5175 130 2336 3 2576 20 5179 15 2567 18 2371 22 5183 12 5176 143 2172 32 5145 102 2090 23 2621 80 2650 32 2366 60 2840 5 2599 66 2529 99 2383 80 2610 18 2335 152 2388 160 2528 66 5138 132 5099 1 2439 40 2151 80 5094 5 2474 24 2299 12 2452 118 5151 115 2260 131 2359 111 2588 40 2276 56 2287 80 5186 58 5129 92 5124 191 2153 2 2407 7 2486 76 5126 5 2069 185 2641 105 2423 162 2481 90 2226 2 5170 158 2547 135 2099 30 5123 18 2542 1 
71 8560 1 8874 1 8834 2 9415 2 8742 3 9126 5 9171 1 9274 1 9269 1 9065 3 9334 34 8756 1 8875 5 9036 9 9417 7 8895 5 8508 3 9499 4 8748 14 8424 6 9148 15 8650 7 9488 1 9576 22 8926 14 9144 3 9322 1 
72 8834 1 9415 5 8742 8 9126 8 9171 1 9269 2 9334 3 8875 4 9417 3 8895 9 8508 15 8424 2 9148 1 8650 3 8926 34 9144 5 9322 20 9044 78 8400 1 9034 37 9382 91 9281 7 8909 135 8665 32 9045 47 8070 2 9272 48 9381 163 8997 13 8554 17 9428 124 8853 95 8711 18 9323 15 9291 94 8596 9 9392 41 9287 125 8877 5 8788 150 8706 11 9155 64 8559 1 8939 68 8763 1 8913 30 8941 21 8736 1 8164 3 8608 1 8732 1 
73 8742 4 6360 1 8875 1 5492 1 6209 1 8650 1 5705 9 8926 2 8400 14 5755 5 6481 1 8909 26 6416 1 8665 1 5923 1 8070 13 8554 11 6496 3 5977 1 7178 1 5734 5 6460 7 5821 19 5975 23 8853 22 5922 4 8711 13 8596 3 5654 6 8877 18 8788 1 8706 4 5769 13 8559 3 6998 34 6103 6 6325 43 6669 16 6229 11 6310 14 8939 94 6172 97 6982 29 8763 1 8913 120 6065 12 8941 68 8736 150 6027 1 8164 5 8608 14 8732 13 5622 1 
74 9928 58 9846 4 9870 6 9915 20 9970 7 9880 7 9843 3 
75 9488 1 9576 37 9539 22 9502 27 9601 2 9628 1 9483 1 9491 1 
76 8400 1 8070 5 8554 3 7178 7 8559 3 6998 69 6982 88 8164 1 7148 24 7016 136 8398 81 8527 37 7349 125 8462 128 8448 91 8509 109 8330 116 7777 142 7065 4 8422 170 8469 141 7850 57 7844 21 8514 3 8523 26 8239 14 7005 1 8495 1 
77 9415 3 8742 2 9126 1 8875 1 5492 1 6209 1 9148 2 8650 1 9576 30 8926 2 9322 93 9044 15 8400 2 9034 73 9382 47 5755 1 6481 3 9281 15 8909 6 9045 14 9272 94 9381 5 8997 1 8554 3 9428 60 9539 143 5977 1 7178 2 5734 1 6460 3 5821 1 8853 41 5922 15 8711 1 9323 108 9291 98 8596 5 5351 5 9392 153 9287 50 5654 1 8877 14 8788 8 5769 13 9155 97 8559 1 6998 4 6325 6 6669 21 6229 3 6310 122 8939 17 5468 42 6172 7 6982 1 8763 40 8913 6 6065 2 8941 45 8736 21 6027 36 8608 66 8732 16 5622 57 6055 3 9502 70 6024 23 5482 12 5453 14 6315 134 6168 24 5942 194 8915 1 6394 2 9024 1 
78 5492 2 5351 1 5654 6 5769 10 5468 63 5622 57 5482 7 5453 10 5607 6 5799 41 5724 25 5610 1 5614 3 
79 8400 1 8554 3 5977 1 7178 1 6460 6 5922 17 5351 1 5654 1 5769 1 6998 2 6325 4 6669 12 6229 1 6310 13 5468 1 6172 14 6982 26 6065 4 6027 20 5622 2 6055 15 6024 27 5482 19 5453 2 6315 50 6168 11 5942 2 6394 70 6331 90 5883 70 6090 140 5607 115 5936 125 6323 56 6580 92 5845 96 7148 34 6336 20 5882 139 7016 33 8398 22 5799 141 5724 156 6401 166 8527 135 7349 15 6131 189 6528 48 6673 89 6263 159 6363 56 5610 175 8462 27 5614 43 6609 84 8448 90 8509 44 8330 29 6030 17 6235 186 6411 97 6156 76 7777 10 6651 1 6215 129 6392 96 6016 179 7065 173 6525 192 5505 160 8422 20 5931 138 6278 9 6596 85 8469 25 6377 47 5860 27 5902 1 6414 2 
80 8650 2 8926 1 9044 1 8400 1 9034 1 9045 4 8997 1 8554 3 8853 28 5922 4 8711 4 8596 3 5351 1 5654 1 8877 1 8788 1 5769 1 8559 1 6998 1 6325 9 6669 1 6310 5 8939 4 5468 1 6172 1 6982 9 8763 1 8913 9 6065 4 8941 45 8736 4 6027 37 8608 32 5622 20 6055 8 6024 4 5453 2 6315 10 6168 1 5942 1 8915 186 6394 68 9024 32 8774 147 8841 64 6331 81 8887 197 5883 43 6090 1 8603 3 8620 1 5607 3 5936 1 
81 5922 1 8711 1 5351 2 8559 1 6325 5 6310 7 5468 2 6982 1 6065 1 8736 2 6027 70 8608 4 5622 7 6055 8 6024 1 5453 1 6315 2 6168 1 6394 33 8774 1 6331 25 5883 30 6090 23 8603 98 8620 148 5607 61 5936 29 6323 28 6580 9 5845 16 7148 25 8758 178 6336 5 5882 32 7016 15 8398 3 5799 14 8787 55 5724 16 6401 25 8527 25 7349 10 6131 4 6528 7 6673 6 6263 16 6363 99 8798 127 5610 17 8462 8 8658 196 5614 70 6609 67 8448 12 8690 49 8509 3 8778 151 8330 54 6030 17 6235 12 6411 92 6156 87 7777 4 6651 198 6215 45 6392 20 6016 4 7065 14 8772 160 6525 8 8677 7 5505 20 8422 1 5931 28 6278 20 6596 111 8469 26 6377 112 5860 37 5902 53 6414 55 7850 53 8749 184 6422 49 5570 62 7844 62 5822 43 8514 20 6198 101 8765 11 5886 174 6423 156 8523 64 6351 191 6319 183 8239 42 6111 104 6368 35 7005 7 6664 2 
82 9601 41 9628 1 9676 21 9648 1 9701 13 9671 2 9693 2 
83 9415 1 9126 1 9576 6 8926 1 9322 11 9044 3 9034 1 9382 6 9281 158 9045 8 9272 20 9381 10 9428 9 9539 19 8711 1 9323 66 9291 5 9392 4 9287 4 8877 1 9155 13 8939 13 8913 34 8941 19 8736 1 8608 3 9502 96 8915 12 9024 51 9188 102 8774 12 8841 70 8887 2 8603 2 8620 22 8978 164 9375 73 8758 7 8975 100 9225 25 9339 34 9601 29 9628 6 8398 3 
84 5922 1 6325 1 6310 2 6982 1 6027 9 5622 2 6055 3 6024 38 6315 1 6394 9 6331 2 5883 1 6090 33 5607 3 5936 12 6323 92 6580 38 5845 29 7148 47 6336 46 5882 16 7016 8 5799 1 5724 2 6401 7 7349 5 6131 7 6528 83 6673 81 6263 17 6363 34 5610 5 5614 80 6609 33 6030 16 6235 2 6411 9 6156 6 6651 1 6215 3 6392 4 6016 12 7065 5 5505 13 5931 3 6278 23 6596 4 6377 26 5860 93 5902 81 6414 86 7850 48 6422 31 5570 88 7844 87 5822 93 6198 44 5886 14 6423 8 6351 8 6319 1 6111 25 6368 61 7005 55 6664 126 6881 17 6438 18 5424 10 6386 39 6043 88 6650 45 6384 8 6330 160 5648 82 6231 87 5448 109 6598 123 5628 142 5868 16 7285 135 6304 80 7339 10 5666 138 6720 43 6727 27 6436 35 5818 99 6106 114 6605 164 6506 91 5416 60 7452 183 5832 200 6550 5 6601 35 6482 31 7415 37 6591 10 7474 1 7849 2 6144 1 
85 8926 3 9322 13 9044 1 9034 1 9382 2 9281 14 9045 3 9272 6 9381 20 9428 5 9323 6 9291 3 9392 1 9287 2 9155 3 8939 3 8913 1 8941 2 8736 1 8608 6 8915 1 9024 89 9188 74 8774 8 8841 3 8887 1 8603 88 8620 17 8978 27 9375 9 7148 2 8758 4 8975 91 9225 21 9339 137 7016 6 8398 37 8879 16 8787 24 9214 23 9043 56 9109 27 9306 130 8981 183 9166 108 8527 1 8980 180 9307 148 9397 58 8898 185 6673 9 8798 55 9483 9 8462 21 8658 4 8448 6 8690 3 9026 5 8509 1 8778 1 
86 6325 1 6310 3 6027 10 6055 2 6024 6 6394 17 6331 1 5883 14 6090 3 5607 4 5936 2 6323 12 6580 51 5845 36 7148 4 6336 103 5882 13 7016 1 8398 26 5799 1 5724 1 6401 2 6528 3 6673 15 6263 1 6363 9 5610 1 5614 4 6609 2 8330 1 6030 93 6411 2 6156 11 6215 11 6392 61 6016 3 7065 3 5505 7 5931 7 6278 10 6377 1 5860 13 5902 12 6414 6 7850 1 
87 9576 9 8926 2 9322 1 9044 2 9034 1 9382 13 9281 1 9045 1 9272 18 9381 1 9428 2 9539 3 9323 4 9392 1 9287 19 9155 7 6310 3 8939 1 6027 1 8608 2 6055 1 9502 3 6024 14 9024 26 9188 14 8774 9 8841 29 6331 1 5883 30 8603 9 8620 9 5607 4 5936 28 6323 6 8978 1 6580 9 9375 35 5845 4 8758 2 8975 6 6336 8 9225 62 9339 9 9601 93 9628 169 7016 1 8398 13 8879 12 5799 2 8787 106 9214 167 9043 64 9109 16 9306 13 8981 2 9166 45 8527 2 8980 6 9307 5 9397 79 8898 8 6528 9 6263 6 6363 2 8798 17 9483 38 5610 1 8462 11 6609 3 8448 1 8690 146 9026 12 8509 12 8778 5 9491 183 6030 54 6156 10 6215 6 6392 18 6016 1 7065 1 8772 19 8677 19 8422 8 5931 2 6278 74 8469 6 6377 8 5860 3 5902 37 6414 33 7850 5 8749 8 6422 32 8919 38 9133 72 9456 75 5570 33 9096 52 7844 10 5822 7 8514 10 6198 3 8972 9 9183 2 8952 1 
88 9044 4 9045 1 6024 6 9024 1 8774 14 8841 19 5883 10 8620 3 5607 1 5936 2 6323 6 8978 1 6580 1 5845 2 8758 7 8975 1 6336 18 8398 6 8879 136 8787 2 9043 66 8981 4 8980 1 8898 3 6528 32 6263 1 8798 1 8462 2 6609 5 8690 2 9026 114 8509 21 8778 36 6030 2 6156 3 6215 6 6392 1 6016 1 8772 18 8677 76 8422 1 5931 5 6278 27 8469 1 6377 4 5860 9 5902 8 6414 13 7850 8 8749 6 6422 88 8919 90 5570 5 7844 16 5822 16 8514 36 6198 41 8972 95 8952 59 8765 141 5886 7 6423 33 8523 49 6351 1 6319 16 8239 54 6111 23 6368 4 7005 50 6664 69 6881 176 6438 64 8495 145 5424 9 6386 28 8309 118 8612 107 6043 29 6650 38 8352 105 8967 132 6384 3 6330 10 8351 2 8808 1 5648 1 
89 9576 1 9322 5 9044 1 9382 6 9281 3 9272 14 9381 1 9539 5 9323 1 9155 2 9502 3 9188 10 8774 2 8841 1 8978 2 9375 6 8758 2 8975 2 9225 19 9339 15 9601 25 9628 17 8398 6 8879 6 8787 5 9214 6 9043 1 9109 132 9306 52 8981 5 9166 30 8980 5 9307 12 9397 43 8898 4 9483 30 8462 1 9026 29 8509 7 8778 2 9491 12 8772 3 8677 55 8469 1 8749 1 8919 47 9133 2 9456 17 9096 49 8514 3 8972 2 9183 1 
90 9382 2 9539 5 9502 1 9375 1 
91 2221 4 2556 1 2336 2 2576 7 2567 1 2371 8 2172 8 2090 71 2621 2 2650 1 2366 65 2840 30 2599 8 2529 8 2383 77 2610 23 2335 18 2388 12 2528 76 2439 120 2151 16 2474 94 2299 7 2452 1 2260 10 2359 5 2588 92 2276 2 2287 1 2153 22 2407 2 2486 29 2069 2 2641 60 2423 23 2481 7 2226 177 2547 49 2099 143 2542 25 2699 161 2380 18 2684 121 2625 150 2414 162 2436 47 2646 9 2288 4 2313 3 2372 124 2484 46 2757 1 
92 6024 2 5883 1 5607 3 5936 1 5845 8 6528 10 6609 5 6030 1 6156 6 5931 7 6278 10 6377 1 5860 13 5902 5 6414 4 5570 1 5822 15 6198 8 5886 1 6423 3 6111 26 6368 5 7005 36 6664 1 6881 1 6438 15 5424 59 6386 47 6043 1 6650 80 6384 153 6330 7 5648 38 6231 27 5448 79 6598 32 5628 3 5868 73 7285 49 6304 64 7339 22 5666 34 6720 109 6727 47 6436 69 5818 45 6106 9 6605 16 6506 19 5416 74 7452 11 6550 75 6601 4 
93 9601 8 9628 2 9676 54 9585 109 9648 3 9574 20 9553 19 9564 7 9701 1 
94 6024 5 5883 1 5845 3 6528 7 6609 1 6156 1 5931 2 6278 9 6377 1 5860 4 5902 1 6414 1 5570 4 5822 16 6198 2 5886 2 6111 2 6368 57 7005 46 6664 1 6881 3 6438 2 5424 74 6386 29 6043 48 6650 2 6384 36 6330 16 5648 51 6231 61 5448 6 6598 26 5628 5 5868 58 7285 1 6304 41 7339 34 5666 9 6720 33 6727 50 6436 1 5818 3 
95 9382 3 9281 1 9539 2 9375 4 9225 5 9339 4 9601 1 9628 2 9214 1 9306 1 9307 3 9397 1 9483 3 
96 9281 1 9155 7 8841 2 8978 2 9225 3 8879 7 9214 2 9043 11 9109 11 9306 1 8981 4 9166 10 8980 7 9307 26 9026 40 8919 23 9133 53 9096 1 8972 74 9183 3 8952 4 9198 1 
97 9382 30 9155 5 8774 1 8841 6 8978 2 9375 42 5845 2 9225 5 9339 1 9628 1 8398 1 8879 4 8787 7 9214 1 9043 1 9109 10 9306 2 8981 2 9166 2 8980 1 9307 1 9397 11 6528 1 9483 109 8462 1 8509 1 8778 3 9491 3 8677 1 5931 3 6278 1 5860 1 5902 1 8749 1 8919 2 9133 45 9456 103 5570 2 9096 15 5822 4 8514 3 6198 1 8972 5 9183 101 8952 49 8765 1 9421 133 9198 91 5886 1 8523 60 8239 44 6111 18 6368 18 7005 4 9178 15 6664 1 6881 2 6438 61 8495 24 5424 24 6386 10 9153 129 9160 48 8309 55 8612 79 9232 143 6043 10 6650 35 8352 85 8967 17 6330 2 8351 177 8808 49 5648 1 6231 8 5448 3 8613 71 9359 149 6598 19 9229 155 5628 37 5868 36 7285 6 8948 142 9212 13 6304 2 7339 29 8759 187 5666 1 6720 3 6727 71 8150 155 8794 189 9507 131 6436 58 8714 99 9179 108 9008 171 5818 35 6106 17 6605 18 6506 67 8503 153 9479 199 5416 43 9167 111 7452 3 6550 46 9311 58 9134 100 9270 101 6601 1 8470 1 
98 9755 2 9750 1 9790 1 9746 1 9789 1 9738 1 9726 1 
99 9155 1 8774 3 8841 5 8978 1 9375 17 5845 3 9225 57 9628 1 8398 1 8879 17 8787 1 9043 1 9109 3 9306 1 9166 2 9307 5 9397 1 9483 5 8462 1 8509 2 8778 1 9491 1 8677 21 5931 3 6278 14 5902 1 9133 13 9456 4 5570 2 9096 40 5822 2 8514 100 8972 9 9183 32 8952 73 8765 44 9421 65 9198 80 5886 1 8523 1 8239 35 6111 2 6368 12 7005 1 9178 43 6881 1 6438 8 8495 20 5424 23 6386 45 9153 2 9160 31 8309 26 8612 11 9232 16 6043 24 8352 2 8967 13 6330 4 8351 11 8808 99 5648 14 6231 16 5448 3 8613 59 9359 8 9229 44 5628 9 5868 8 7285 1 8948 53 9212 169 6304 12 7339 10 8759 6 5666 17 6720 11 6727 4 8150 12 8794 3 9507 29 6436 21 8714 41 9179 41 9008 26 5818 4 6106 46 6605 1 6506 23 8503 36 9479 1 5416 11 9167 12 7452 2 6550 25 9311 72 9134 46 9270 41 6601 126 8470 16 8485 153 9282 7 9346 5 9425 1 6482 1 
100 9155 1 9375 13 9225 3 9109 1 9166 2 9397 2 9483 4 9133 7 9456 1 9096 30 9183 30 9421 2 9198 3 9178 138 9153 61 9160 84 9232 21 9359 43 9229 1 9212 16 9507 7 9179 10 9167 4 
101 2221 6 2556 2 2336 1 2576 1 
102 5845 1 5931 2 6278 2 5570 3 5822 1 6368 1 
103 6278 1 5822 3 6368 4 6438 1 5424 1 
104 2221 8 5152 1 5146 1 
105 5648 2 5628 1 5666 1 5416 6 
106 6368 3 6438 2 6386 2 6330 1 5648 1 6231 1 
107 8774 1 8841 1 8398 1 8879 2 9166 1 8778 1 8677 1 9133 1 9096 1 
108 6438 7 5648 2 5628 1 
109 8774 1 8677 6 8514 1 8972 2 
110 8677 3 8514 6 8765 1 
111 5648 6 5628 1 5868 3 
112 2221 1 668 3 639 4 652 1 2576 1 
113 8677 8 9133 1 9096 1 
114 2221 2 2576 8 
115 2221 8 2576 1 2567 1 
116 6438 5 5648 2 5628 1 5868 2 
117 2221 3 2576 7 
118 5868 3 5818 5 5416 2 
119 5868 1 5818 7 6106 1 5416 1 
120 6438 9 7285 1 
121 6438 7 7285 1 6304 1 7339 1 
122 2221 3 2576 5 2567 2 
123 6438 1 6720 1 6727 1 6436 4 5818 2 6106 1 
124 5199 8 2221 2 
125 8677 1 8514 6 8239 1 8495 2 
126 9397 5 9483 1 8677 2 9133 1 9096 1 
127 6436 3 6106 7 
128 2221 4 2576 3 2567 3 
129 7285 5 7339 2 6436 2 6106 1 
130 5416 3 5377 6 5340 1 
131 122 6 84 4 
132 8514 5 8239 3 8495 2 
133 9133 1 9096 5 8514 1 8972 2 9183 1 
134 6436 6 6106 4 
135 9133 1 9096 1 8514 3 8972 2 9183 1 8952 2 
136 2221 1 2567 2 2371 3 2172 3 2090 1 
137 8239 3 7285 1 7339 6 
138 5377 9 5340 1 
139 7339 10 
140 7339 8 6436 1 6605 1 
141 6550 2 6601 7 6482 1 
142 5377 10 
143 8514 2 8765 2 8239 1 8495 5 
144 9133 3 9096 4 8514 1 9183 2 
145 2221 8 2567 2 
146 7339 9 7452 1 
147 2221 5 2567 1 2371 4 
148 5515 4 5452 3 5491 1 5377 1 5340 1 
149 6144 5 5833 4 6220 1 
150 2221 4 2567 1 2371 1 2172 3 2090 1 
151 7339 8 6550 1 6601 1 
152 2221 8 2567 1 2172 1 
153 2221 4 2567 4 2172 2 
154 8239 1 8495 1 8309 1 8352 7 
155 9183 2 8952 4 9198 4 
156 2221 6 2172 4 
157 6144 5 5833 2 6220 2 5984 1 
158 2221 3 2172 2 2090 3 2621 1 2650 1 
159 6550 1 6601 1 6482 5 6591 2 6144 1 
160 5644 6 5650 1 5587 3 
161 5833 1 5984 2 5781 2 5932 1 5644 1 5650 1 5776 2 
162 2221 1 668 7 639 1 652 1 
163 6144 9 5833 1 
164 9183 6 8952 1 9198 3 
165 7339 3 6550 3 6601 4 
166 2221 6 2172 1 2090 1 2621 2 
167 216 4 200 2 282 4 
168 2221 5 2090 3 2650 1 2366 1 
169 8952 1 8239 1 8612 1 8352 1 8967 4 8351 2 
170 9183 10 
171 2221 3 2650 7 
172 7339 8 6550 1 6601 1 
173 9183 7 8952 2 9198 1 
174 216 8 200 1 282 1 
175 2221 9 668 1 
176 58 4 73 2 122 2 84 1 97 1 
177 2221 2 2090 5 2650 3 
178 8351 5 7339 4 8150 1 
179 482 7 478 3 
180 5644 8 5650 1 5587 1 
181 9183 1 8952 2 9198 6 9178 1 
182 2221 5 2090 1 2650 1 2366 3 
183 6550 1 6601 7 6482 1 6591 1 
184 5833 2 5781 4 5644 4 
185 2221 1 668 4 639 3 652 2 
186 5833 9 5781 1 
187 7339 8 6550 2 
188 5340 6 5348 4 
189 9183 1 8952 2 9198 1 9178 2 9153 1 9160 2 8612 1 
190 7339 10 
191 6550 5 6601 2 6482 2 6591 1 
192 216 8 282 1 415 1 
193 7339 7 6550 3 
194 8612 1 8351 3 8613 1 7339 4 8150 1 
195 7339 1 8150 9 
196 6482 10 
197 9198 5 9178 1 9153 4 
198 8967 6 8808 3 8613 1 
199 58 7 73 3 
200 8613 2 7339 1 8150 6 8503 1 
201 6550 3 6601 1 6482 4 6591 1 6144 1 
202 7339 5 8150 3 8503 2 
203 9198 1 9153 1 9160 5 9232 1 8967 1 8808 1 
204 2221 2 2366 3 2840 4 2599 1 
205 8808 9 8613 1 
206 9198 3 9153 2 9160 4 9232 1 
207 9198 1 9160 3 9232 4 8967 1 8808 1 
208 8808 8 8613 2 
209 5311 7 5309 2 5276 1 
210 2221 2 2090 1 2366 1 2840 5 2599 1 
211 2366 2 2840 3 2599 2 2529 2 2383 1 
212 2366 8 2840 2 
213 2366 9 2529 1 
214 8808 2 8613 7 8759 1 
215 6144 1 5833 8 6390 1 
216 9160 6 9232 3 8967 1 
217 8808 9 8613 1 
218 5377 2 5340 7 5410 1 
219 6550 1 6601 4 6482 1 7415 4 
220 6 2 12 7 23 1 
221 6550 10 
222 8150 8 8503 1 6550 1 
223 6550 2 6601 2 6482 6 
224 5781 10 
225 2529 3 2610 5 2528 1 2474 1 
226 5377 5 5340 4 5410 1 
227 2529 8 2383 2 
228 9160 1 9232 9 
229 6550 9 6601 1 
230 668 1 639 4 652 3 599 2 
231 5833 1 5984 5 5781 1 5932 2 5644 1 
232 9160 8 9232 2 
233 6550 1 6601 3 6482 4 6591 1 6144 1 
234 6550 3 6482 5 6591 2 
235 6482 10 
236 6482 2 6591 2 6144 6 
237 6482 7 7415 1 6591 1 6144 1 
238 5781 10 
239 8967 3 8808 7 
240 6482 1 7415 1 6591 2 7474 4 6144 1 6579 1 
241 2529 8 2383 1 2610 1 
242 8150 1 6482 3 7415 4 6591 2 
243 8150 2 6482 8 
244 5644 7 5650 2 5587 1 
245 6482 8 7415 1 6591 1 
246 9160 3 8967 3 8808 3 8613 1 
247 8808 3 8613 7 
248 2529 4 2383 6 
249 5223 8 5234 2 
250 8808 2 8613 1 8759 1 8150 1 8794 1 8714 4 
251 8613 1 8759 2 8150 1 8714 3 8503 1 8470 1 8485 1 
252 9160 2 8967 2 8808 1 8613 5 
253 6482 6 6144 1 6494 1 5833 2 
254 2529 6 2383 1 2610 1 2335 1 2388 1 
255 9160 2 8967 1 8808 1 8613 4 8948 1 9212 1 
256 9160 1 8967 7 8808 1 8613 1 
257 6482 3 6591 2 6144 5 
258 5452 5 5377 4 5340 1 
259 5833 3 5984 1 5781 1 5932 3 5644 1 5650 1 
260 2529 1 2383 2 2610 1 2388 1 2528 1 2439 4 
261 5203 1 5199 3 5208 6 
262 5452 4 5491 6 
263 8967 6 8613 3 8948 1 
264 6482 3 7415 6 6591 1 
265 5833 10 
266 2383 3 2610 4 2439 3 
267 6482 5 7415 2 6591 2 7474 1 
268 6482 7 6144 1 6494 2 
269 6482 2 6591 6 6144 2 
270 6144 7 5833 1 6390 1 6299 1 
271 6482 2 7415 5 6591 3 
272 2383 1 2610 8 2439 1 
273 5833 2 5984 1 5781 6 5932 1 
274 6482 4 7415 2 6591 2 7474 1 6144 1 
275 2383 4 2610 4 2439 2 
276 8967 3 8613 6 8948 1 
277 415 5 321 2 349 1 392 1 326 1 
278 156 6 216 2 162 2 
279 6144 8 5833 2 
280 8613 1 8759 3 8794 5 8714 1 
281 2383 8 2610 1 2151 1 
282 6482 10 
283 6482 10 
284 8613 4 8948 2 8794 2 8714 2 
285 5587 5 5539 4 5515 1 
286 5223 6 5234 1 5260 2 5203 1 
287 8613 10 
288 8613 4 8714 2 8503 2 8470 2 
289 6482 3 7415 1 6591 2 6144 3 6579 1 
290 5781 8 5644 2 
291 2383 2 2610 5 2151 3 
292 2383 3 2610 3 2151 1 2474 1 2299 2 
293 6144 7 5833 2 6299 1 
294 6482 1 7415 3 6591 4 7474 2 
295 6482 9 7415 1 
296 6482 7 7415 2 6591 1 
297 8503 2 8470 2 8485 4 6482 1 7415 1 
298 5644 3 5650 7 
299 2383 1 2610 3 2151 4 2474 2 
300 6482 8 6591 2 
301 8613 2 8714 5 8503 1 8470 2 
302 6482 9 7415 1 
303 6591 7 6144 2 6579 1 
304 8613 4 8503 1 8470 5 
305 7415 3 6591 6 7474 1 
306 8613 1 8714 7 9008 2 
307 482 2 478 6 515 1 668 1 
308 5833 6 5781 2 5644 1 5650 1 
309 2383 1 2151 2 2474 2 2452 3 2260 1 2359 1 
310 7415 9 6591 1 
311 5833 4 5781 1 5932 5 
312 6591 4 6144 3 6579 2 6494 1 
313 7415 2 6591 1 7474 4 7849 3 
314 9212 1 9507 2 8714 1 9179 2 9008 1 9167 1 9311 2 
315 2383 1 2151 1 2474 2 2359 4 2588 1 2276 1 
316 8714 1 9179 2 9167 4 9311 3 
317 6591 1 6144 7 6579 1 6494 1 
318 8714 4 9179 6 
319 8470 10 
320 7415 8 6591 2 
321 5833 7 5781 2 5644 1 
322 6144 6 6494 2 5833 1 6390 1 
323 770 7 2151 3 
324 7415 3 6591 4 7474 2 7849 1 
325 8714 10 
326 5340 10 
327 415 10 
328 6144 6 5833 3 6299 1 
329 2359 7 2588 1 2276 1 2287 1 
330 5515 3 5452 4 5491 3 
331 5099 10 
332 5377 7 5340 3 
333 6144 7 5833 3 
334 9507 2 8714 5 9179 2 9167 1 
335 2359 5 2588 3 2276 1 2287 1 
336 8714 10 
337 8714 1 8470 9 
338 7415 8 6591 2 
339 7415 9 6591 1 
340 2359 3 2588 7 
341 122 9 97 1 
342 7415 10 
343 8714 3 8470 5 8485 2 
344 6144 5 5833 2 6299 1 6220 1 5984 1 
345 6591 4 6144 4 6579 2 
346 2359 1 2588 3 2287 1 2153 5 
347 2359 10 
348 7415 7 6591 3 
349 6591 10 
350 8470 7 8485 3 
351 5276 3 5285 4 5223 3 
352 6591 9 6144 1 
353 216 4 200 1 282 5 
354 2359 4 2588 1 2287 5 
355 8714 1 9179 9 
356 9179 8 9167 1 9311 1 
357 7415 6 6591 1 6144 3 
358 7415 10 
359 2359 6 2588 2 2287 1 2153 1 
360 2359 8 2588 2 
361 8470 1 8485 8 7415 1 
362 7415 3 6591 3 7474 1 6144 3 
363 9507 4 9179 5 9167 1 
364 9167 8 9134 2 
365 7415 7 6591 3 
366 5833 2 5984 6 5781 2 
367 2359 3 2588 6 2153 1 
368 156 8 216 1 162 1 
369 7415 5 6591 1 7474 3 7849 1 
370 9507 10 
371 5152 5 5146 4 5175 1 
372 770 9 778 1 
373 2359 3 2588 6 2153 1 
374 8470 7 8485 2 7415 1 
375 5099 3 5094 7 
376 5539 1 5515 9 
377 9507 1 9179 3 9167 5 9311 1 
378 482 6 478 1 515 3 
379 7415 9 6591 1 
380 8470 5 8485 1 7415 2 8882 2 
381 5452 7 5491 3 
382 2588 4 2153 4 2407 2 
383 2588 10 
384 9507 10 
385 6591 3 6144 6 6579 1 
386 58 5 73 1 122 3 84 1 
387 6591 9 6144 1 
388 2588 4 2153 2 2407 2 2486 2 
389 8470 6 8485 4 
390 6591 5 6144 3 6579 2 
391 2588 1 2153 3 2407 2 2486 3 2069 1 
392 8470 10 
393 6144 7 5833 3 
394 216 7 200 2 282 1 
395 9179 3 9167 5 9311 2 
396 415 2 321 7 349 1 
397 5833 4 5781 6 
398 5781 5 5644 4 5650 1 
399 9507 3 9179 1 9167 2 9311 3 9134 1 
400 6591 3 6144 5 6579 1 6494 1 
401 2153 10 
402 7415 7 6591 2 7474 1 
403 73 7 8470 3 
404 2153 7 2407 3 
405 5377 4 5340 2 5348 1 5311 3 
406 6144 3 6494 4 5833 1 6390 1 6299 1 
407 7415 9 6591 1 
408 8470 4 8485 4 7415 1 6591 1 
409 5223 4 5203 6 
410 9507 1 9167 7 9311 2 
411 6144 2 5833 4 6390 4 
412 5833 2 5781 7 5932 1 
413 9167 3 9311 3 9134 4 
414 5340 5 5348 3 5311 2 
415 7415 4 6591 3 7474 3 
416 7415 3 6591 4 6144 2 6579 1 
417 2153 9 2407 1 
418 6591 6 6144 2 6579 2 
419 5644 10 
420 8470 1 8485 7 7415 1 6591 1 
421 668 7 639 1 652 2 
422 6591 4 7474 1 6144 1 6579 1 6494 3 
423 482 9 478 1 
424 58 10 
425 2153 4 2407 3 2486 2 2069 1 
426 6591 7 6144 1 6579 2 
427 6591 3 6144 3 6579 2 6494 1 6643 1 
428 282 10 
429 6144 8 6494 2 
430 6591 5 7474 4 7849 1 
431 482 3 478 2 515 2 668 1 639 2 
432 6144 8 5833 2 
433 6591 7 7474 3 
434 8470 3 8485 6 6591 1 
435 482 7 478 2 515 1 
436 8470 1 8485 5 6591 1 8556 1 7474 2 
437 282 3 415 2 268 4 271 1 
438 6591 5 6144 2 6579 2 6494 1 
439 32 9 58 1 
440 9167 1 9311 4 9134 1 9270 3 8470 1 
441 6591 10 
442 8470 3 8882 7 
443 5340 10 
444 482 10 
445 6144 4 6494 5 5833 1 
446 8470 1 6591 4 8556 5 
447 6144 2 6579 2 6494 6 
448 58 5 73 3 122 1 84 1 
449 5833 2 5984 5 5781 1 5932 1 5644 1 
450 2486 6 2641 1 2423 3 
451 8470 5 8882 3 8556 2 
452 7474 1 6144 6 6579 1 6494 1 6643 1 
453 5138 6 5099 2 5094 2 
454 7474 4 6144 2 6579 3 6494 1 
455 6144 6 6579 4 
456 5377 9 5340 1 
457 515 4 668 5 639 1 
458 7474 8 7849 2 
459 7474 4 7849 5 6144 1 
460 668 2 639 4 652 4 
461 5203 7 5199 2 5208 1 
462 9167 1 9311 5 9134 4 
463 9167 9 9311 1 
464 8470 2 8556 7 7474 1 
465 6144 9 6579 1 
466 5833 7 5984 1 5781 1 5932 1 
467 7474 3 6144 2 6579 1 6494 1 6643 1 5833 1 6390 1 
468 2153 7 2407 1 2486 1 2069 1 
469 2153 1 2407 8 2486 1 
470 8470 10 
471 8470 6 8556 4 
472 156 7 216 3 
473 73 6 8470 4 
474 415 4 392 5 412 1 
475 5833 10 
476 5833 3 6220 1 5984 3 6267 3 
477 58 2 73 6 122 2 
478 7474 6 7849 1 6579 3 
479 7474 2 7849 6 6579 2 
480 122 4 156 3 103 2 216 1 
481 7474 2 7849 6 6579 1 6494 1 
482 216 9 200 1 
483 6579 4 6494 6 
484 8470 6 8556 1 7474 1 7849 1 8464 1 
485 6579 7 6494 1 6643 2 
486 282 9 415 1 
487 7474 8 6579 2 
488 9167 6 9134 3 8470 1 
489 5833 9 5781 1 
490 515 5 668 2 639 3 
491 8470 2 8882 4 8556 4 
492 5833 4 5984 6 
493 2153 1 2407 9 
494 58 2 73 8 
495 9167 9 9311 1 
496 9167 6 9311 3 9134 1 
497 32 3 25 5 58 1 73 1 
498 2153 4 2407 4 2486 2 
499 2153 5 2407 3 2486 2 
500 8470 10 
