3999822.419957455 343046.389859187 4948842.603701018
2975663.702359664 1297500.5254918574 5493031.951921683
3819026.6262183315 -22062.914353471162 5110288.092630557
4436918.284899185 -284201.04850722774 4579763.351083073
3799871.3849133844 327300.5226018593 5117353.957930797
3972283.863352637 43679.30263951208 4987175.447993501
4816028.231346641 2101.388871008215 4187985.8222536948
4150534.800514466 -171781.96470826934 4845288.439604325
3905132.9720314555 -39941.645561203935 5040722.574745275
3958175.616176231 -45527.83437697975 4995379.631163768
3968440.580299259 -37333.510282674426 4985125.42908682
3904896.704764534 35713.32723161777 5043818.595962501
4024382.5904928497 -106506.76536283176 4947381.066553698
3431449.9241524567 1449289.4730517159 5182486.965354045
3946949.8439562325 -40162.664624593934 5005503.5289189555
2888922.352049498 2091615.2566503847 5285730.696319303
3979748.1290109004 292743.2783318669 4981671.4595873095
4956048.1817580825 -429153.14292811946 3999819.259525525
3972784.4533920884 -31480.187656027156 4981411.885291184
3731486.0807202775 745285.8656898517 5124247.612529838
3083782.674962277 1968068.6667352207 5229031.07107259
4800747.593512105 184090.4704327879 4189855.8299826467
3316568.549147319 1590741.891441329 5214940.052948309
3997870.3024940672 -43541.94543137904 4964830.347712603
3531985.0646239603 744305.9942960991 5254296.83140648
3266949.4504013355 787763.4044895017 5425141.15662381
4920256.760064673 -769963.7724229201 3978011.495533183
4034092.0003998554 -54287.989553780746 4938280.87538377
4845007.060373418 -280888.54140176903 4145414.734419335
4274243.4065752905 -94980.94622205455 4738711.190020702
4236931.928747209 1368246.740488108 4571454.009962927
4181785.758264396 275041.626693218 4812330.014781096
3888392.2639652775 675346.7333116703 5016140.486276699
5048865.232461845 -197576.16197205917 3898154.6899632383
4248891.246560488 445601.79589466396 4741089.413118161
4301745.348861117 743427.0471183012 4656121.20639634
4042249.133345771 436701.91080214566 4914322.530519046
4327525.3199777575 330097.95623130864 4679009.142225234
4704988.086658947 1316400.7828047806 4106548.1739111915
4337353.459979056 862831.9414582055 4603045.308583348
4327265.481973688 -343071.0566343411 4679159.198693587
4567261.677924571 -326984.7736713111 4445533.52612853
4331728.356648004 386139.2301771345 4667221.20110305
4081214.0825923337 473078.81226283597 4878012.824548844
4237765.070192525 1541666.5381379738 4504915.036530969
4064723.99601791 1278483.4200160739 4737521.671112565
2853396.511430813 2233089.5065495735 5245074.104728516
3962776.6485179476 7123.8481779073945 4992623.727759984
2987803.168332263 2393082.4452272463 5106062.58283943
2959783.6590055246 2329036.425578554 5151035.936544817
