200
1 2973 45 2954 33 3003 6 2943 10 2876 7 2955 37 2881 25 2874 9 2970 26 2956 39 3103 10 3104 10 2983 33 3078 11 3030 23 2962 8 2964 21 2883 44 2910 49 2891 8 3070 2 3164 23 2993 22 3020 9 2966 9 2858 2 3170 1 
2 4516 40 4625 47 4553 27 4536 43 4557 1 4641 46 4454 12 4479 12 4519 2 4577 1 4665 1 4697 7 
3 4454 22 4338 13 4305 46 4465 39 4374 28 4335 38 4395 8 4426 19 4397 17 4419 1 
4 2973 5 2954 8 3003 2 4516 10 2943 32 2876 15 2955 2 4553 23 2881 6 2874 16 4536 1 2970 20 2956 4 4557 7 3103 2 3104 28 2983 8 3078 19 3030 2 2962 6 2964 16 2883 4 4479 18 2910 1 4519 4 4577 48 2891 33 3070 45 3164 11 4574 44 4525 14 2993 7 3020 15 2966 37 4508 40 4600 8 4618 31 4503 6 2858 28 4338 29 3170 15 2787 30 4572 44 4483 48 4609 21 4527 9 2947 36 2982 3 4537 12 4305 1 2859 18 3140 38 4576 12 2873 26 4465 4 2852 26 3231 32 2960 8 3085 34 4512 9 2830 17 2997 47 3120 29 2936 22 2924 5 2853 50 3124 27 4570 47 4374 15 4335 4 3071 39 4593 40 2975 20 2935 1 2932 30 3016 33 3177 36 3111 37 2867 9 4395 29 2930 3 3106 21 3076 20 2808 24 2813 2 3127 43 2871 30 2878 29 3075 3 3142 14 2985 24 4473 3 2974 3 3148 6 3014 11 3009 2 2959 1 4518 42 4528 22 2882 7 4426 7 2854 5 2911 24 3046 46 4397 12 3132 50 2941 15 4602 31 4595 48 2721 27 4599 42 2980 6 
5 2787 19 2947 1 2982 4 2859 2 3140 5 2873 8 2852 20 3231 1 2960 36 3085 10 2830 7 2997 3 3120 21 2936 15 2924 27 3124 14 3071 9 2975 30 2935 38 2932 18 3016 10 3177 6 3111 12 2867 36 2930 30 3106 6 3076 9 2808 16 2813 33 3127 3 2871 8 2878 12 3075 28 3142 26 2985 14 2974 35 3148 22 3014 19 3009 12 2959 36 2882 6 2854 26 2911 5 3046 1 2941 28 2721 13 2980 10 2940 46 2905 35 3008 1 3182 31 3042 16 3261 25 3135 50 3044 24 3017 17 3024 17 3039 37 3154 19 3213 13 3258 35 2991 29 2894 23 3153 33 3056 1 2753 21 2886 34 3163 35 2999 45 3118 34 3059 5 2913 33 2797 14 3133 14 2892 34 2902 6 3082 22 3080 39 2895 14 3084 49 2890 46 2737 48 3281 14 2953 37 3169 48 2872 4 3648 5 2862 3 
6 4326 13 4293 29 4294 20 4228 29 4346 13 4298 12 4325 7 4352 6 4339 35 4270 14 4309 38 4152 30 4240 28 4307 23 4304 21 4017 3 4183 3 4226 3 4340 2 4268 1 4091 1 3926 1 
7 2940 1 2905 3 3008 17 3182 16 4419 26 3042 20 3261 3 3044 24 4326 13 3017 27 3024 32 4377 12 4417 50 3039 13 3154 14 3213 9 4293 20 4294 13 3258 6 2991 5 4228 12 2894 3 3153 13 3056 20 2753 10 4346 24 2886 10 3163 12 4423 42 2999 5 3118 9 3059 6 2913 6 2797 24 4401 9 3133 36 4371 35 2892 3 2902 5 3082 16 3080 4 4298 37 2895 13 3084 1 2890 2 2737 2 4325 16 4418 46 3281 35 2953 9 4352 24 3169 2 2872 20 3648 44 4339 12 4421 35 2862 13 3058 38 3636 22 2699 9 3237 2 3223 1 
8 4270 22 4152 14 4240 4 4017 5 4183 6 4226 6 4268 6 4091 34 3926 12 4267 35 4273 48 4042 21 4243 2 4144 1 
9 4625 2 4641 2 4665 38 4697 9 4618 19 4635 13 4639 32 4711 17 
10 4574 4 4525 13 4508 8 4600 38 4503 41 4572 2 4483 2 4609 10 4527 29 4537 31 4576 34 4635 10 4639 6 4512 28 4711 25 4570 3 4593 2 4679 19 4473 44 4518 3 4769 39 4528 6 4602 16 4595 2 4599 8 4620 3 4477 1 
11 4679 14 4769 1 4620 27 4614 37 4700 21 4751 19 4666 10 4634 18 4552 21 4659 10 4550 3 4587 1 4605 4 
12 4477 32 4614 7 4700 17 4751 5 4666 25 4634 7 4552 27 4659 33 4550 27 4587 36 4430 12 4605 19 4678 18 4453 1 4597 25 4626 7 4377 34 4580 44 4451 37 4440 48 4562 31 4539 50 4584 39 4482 4 4564 31 4449 38 4499 5 4423 7 4585 44 4439 10 4475 41 4401 8 4433 11 4371 7 4608 49 4460 31 4533 43 4418 2 4478 41 4421 6 4535 3 4487 1 3636 1 
13 4430 35 4678 13 4453 44 4597 19 4626 13 4580 3 4451 2 4440 2 4562 4 4584 4 4482 9 4564 4 4449 2 4499 9 4585 5 4439 20 4475 8 4433 29 4608 1 4460 3 4533 1 4478 6 4535 15 4487 4 3058 3 2699 3 4598 18 3237 10 3223 4 4610 7 2914 6 4468 40 3027 9 2977 26 3193 50 3196 4 2719 45 3203 15 3156 25 3250 47 3167 39 4393 17 3116 22 2978 23 4389 41 4368 36 3265 43 3214 44 4668 33 4624 29 3197 11 4741 42 4784 41 4680 12 3518 44 3290 49 4422 41 4691 27 2814 20 3220 49 2828 17 2992 14 2995 28 4794 46 4717 10 2823 35 3198 42 2795 14 4367 16 4551 7 4705 8 2740 9 3491 2 4309 12 4410 15 4725 44 4651 31 3117 37 4629 18 3091 39 4776 15 3191 37 3089 40 3225 26 2971 5 3178 12 4567 26 3334 46 4543 32 3208 13 4777 17 2868 50 4752 29 2934 13 3094 21 4677 8 4767 27 2754 8 2802 7 2885 36 2915 15 4441 9 3239 15 4586 9 3077 16 2909 35 3397 13 4461 15 2800 16 4459 31 2833 14 2861 43 3066 40 4467 5 4592 33 2939 2 2887 35 3283 19 4307 14 2749 15 4488 42 4304 16 4548 28 3043 3 4388 46 4632 48 3048 31 4481 49 2848 41 4340 32 2903 13 2764 34 4474 48 3432 17 2921 23 3204 26 2869 43 3123 48 4396 28 2942 40 3160 37 4594 13 3341 2 
14 4598 26 4610 32 4468 9 4393 31 4389 2 4368 3 4668 4 4624 12 4680 23 3518 3 4422 9 4691 21 4717 12 4367 18 4551 37 4705 13 3491 30 4410 6 4725 1 
15 4741 1 4784 6 4794 1 4651 3 4629 9 4776 31 4567 17 4543 5 4777 26 4752 10 4677 42 4767 22 4441 5 4586 19 4461 23 4459 2 4467 35 4592 8 4488 5 4548 19 4632 2 4481 1 4474 1 4594 30 4429 24 4540 7 4568 11 4531 38 4583 47 4714 29 4703 17 4788 13 4431 1 4522 2 
16 1171 4 1107 6 1297 13 1364 24 1186 30 1282 19 1245 43 1221 35 1041 42 1193 45 1342 22 995 44 1163 29 1075 33 1326 18 1271 34 1115 27 1330 20 1287 16 1025 44 1294 38 1154 41 1201 42 1215 30 1003 43 1231 19 1044 5 1094 19 459 1 1187 33 1273 12 544 10 1004 7 1147 4 1247 33 1327 32 1179 5 1170 15 1234 3 1389 1 1172 1 1057 1 
17 4568 3 4583 1 4714 10 4703 8 4788 3 4686 11 4642 24 4660 21 4612 1 4734 33 4800 16 4761 7 4563 24 4775 1 4828 4 4589 1 
18 2914 36 3027 8 2977 6 3196 14 2719 1 3203 29 3156 23 3250 3 3167 8 3116 28 2978 2 3265 3 3214 6 3197 28 3290 1 2814 20 3220 1 2828 8 2992 32 2995 4 2823 14 3198 4 2795 27 2740 26 3117 2 3091 1 3191 13 3089 7 3225 14 2971 6 3178 16 3334 3 3208 26 2934 32 3094 11 2754 10 2802 24 2885 14 2915 22 3239 12 3077 8 2909 3 3397 21 2800 29 2833 36 2861 5 3066 2 2939 37 2887 2 3283 12 2749 32 3043 33 4388 2 3048 3 2848 5 2903 36 2764 15 3432 20 2921 24 3204 9 2869 3 3123 2 4396 15 2942 7 3160 9 3341 22 3251 46 4429 13 2816 17 2933 48 3529 33 4540 7 3098 10 
19 4042 6 4144 34 4051 31 4175 20 4150 18 4122 10 4120 25 3954 9 4161 6 4070 2 4063 1 
20 3251 1 2816 9 2933 1 3529 11 3098 23 3598 46 3136 21 3347 8 2948 40 3074 33 3146 3 2825 19 2741 45 2774 13 2767 26 2824 1 3131 39 3222 21 3125 16 2952 17 3256 39 2880 47 3139 3 2671 40 3021 45 2917 7 3031 6 3032 12 3262 39 3294 34 3179 43 3576 14 3023 22 3105 24 3279 45 3338 16 3200 6 3018 28 2994 7 3691 34 2857 47 4051 14 2855 48 3248 19 3158 39 2729 41 2780 18 3588 33 2841 39 3181 15 3112 25 2879 9 2762 38 2790 2 2958 2 2732 26 2781 42 3310 30 2938 20 3063 14 3121 4 3101 36 3109 3 2765 6 2926 17 4122 37 3343 21 2998 29 3194 2 2735 34 3145 31 3604 20 3037 19 4120 19 3050 37 3954 31 2847 8 3276 35 4070 12 2843 12 2864 34 3159 43 3342 11 2791 18 4063 1 
21 4267 2 4531 12 4292 1 4372 4 
22 3598 2 3136 2 3347 18 2948 4 3074 10 3146 26 2825 9 4292 49 2741 1 2774 13 2767 19 2824 23 3131 2 3222 19 3125 20 2952 23 3256 3 2880 1 3139 38 4372 16 4431 1 4522 45 4513 44 4273 1 4381 30 2671 1 4686 23 3021 1 2917 8 3031 34 4534 36 4330 14 4507 47 3032 16 4313 49 4642 15 3262 3 3294 5 3179 7 4296 26 4243 35 4458 13 4660 1 4282 7 3576 20 3023 27 4320 15 3105 16 3279 3 3338 30 3200 16 4445 19 4223 39 3018 21 4547 13 2994 3 4241 25 4432 38 4480 29 3691 5 4302 21 4612 8 2857 3 4364 7 4444 3 4259 1 2855 1 
23 4513 5 4381 16 4534 7 4330 16 4507 2 4313 1 4296 5 4458 13 4282 26 4320 8 4445 19 4223 9 4547 13 4241 12 4432 10 4480 8 4302 2 4364 19 4444 11 4259 5 4435 18 4463 22 4312 25 4734 16 4800 16 4390 45 4354 12 4227 20 4476 20 4450 22 4456 27 4761 2 4222 22 4452 19 4563 22 4775 17 4828 5 4355 33 4350 26 4323 1 4255 37 4589 1 
24 3248 2 3158 3 4435 9 4463 28 4312 25 2729 4 2780 31 3588 3 4390 4 2841 8 3181 29 4354 18 3112 9 4227 8 4476 4 4450 1 2879 34 2762 2 2790 10 4175 30 2958 29 2732 22 2781 5 4150 4 3310 5 4456 1 2938 14 3063 20 3121 40 4200 24 4222 13 3101 5 3109 35 4452 28 2765 12 2926 33 3343 1 2998 8 3194 40 2735 12 3145 3 3604 13 4355 3 4350 10 4323 4 3037 10 4255 9 4398 18 3050 1 4378 27 4469 7 4315 15 4746 4 4772 28 4347 33 4542 17 2847 17 4408 27 4334 7 4198 13 4161 35 4573 12 3276 11 2843 10 2864 1 4579 17 3159 7 3342 31 2791 16 4194 41 4284 49 4529 4 3162 1 4358 49 3430 19 4797 18 2900 37 4406 40 3318 22 4778 25 3183 27 3626 10 4310 27 3549 41 3226 6 4308 43 4365 18 4009 29 4436 41 3234 14 4314 29 3215 32 4380 22 3001 40 3891 35 4342 43 2807 9 3245 1 4511 19 2972 6 3403 1 3511 7 3505 8 3273 8 4351 21 2715 27 3621 22 2820 3 3672 36 4399 18 4699 18 3848 47 3548 9 4212 13 4332 37 2849 34 3277 9 3867 43 4087 10 4613 20 2986 49 4184 20 3143 48 3309 9 4333 15 4254 28 4506 45 3747 10 3696 37 2920 13 3352 24 3190 4 3187 25 4360 18 2988 36 3690 27 2946 27 3069 20 4457 4 3130 35 4218 38 4225 46 4336 2 4443 24 3289 19 3151 27 3184 34 3240 22 3346 37 3165 8 4631 32 3380 13 2931 30 3057 14 3409 5 4650 18 4606 27 4172 8 4258 13 4187 6 4555 38 4188 49 4803 24 4219 34 4427 22 4387 40 2839 14 3244 6 4163 27 4663 35 3061 5 4622 16 4321 21 4492 45 2725 36 4182 23 4327 50 3022 47 3235 37 2906 19 3285 33 4363 3 3157 30 4204 27 4689 5 2798 24 3129 29 4486 2 4136 1 
25 3162 26 3430 27 2900 13 3318 5 3183 6 3626 31 3549 9 3226 42 4009 17 3234 18 3215 16 3001 1 3891 5 2807 18 3245 24 2972 10 3403 12 3511 40 3505 28 3273 29 2715 18 3621 12 2820 30 3672 6 3848 2 3548 14 2849 12 3277 35 3867 3 4087 2 2986 1 3143 1 3309 29 3747 2 3696 9 2920 1 3352 8 3190 21 3187 4 2988 4 3690 15 2946 2 3069 16 3130 15 3289 2 3151 8 3184 7 3240 18 3346 1 3165 1 3380 27 2931 8 3057 11 3409 21 2839 15 3244 10 4163 15 3061 5 2725 9 3022 3 3235 6 2906 31 3285 5 3157 17 2798 18 3129 8 4136 46 2723 37 4049 39 4167 21 3249 39 3274 20 2840 23 2827 38 3374 31 4138 40 3060 6 3238 20 3311 5 2672 40 3271 18 3423 1 3099 39 4164 33 2801 38 3406 29 4019 23 3331 6 3348 13 4134 43 3402 40 3928 2 3571 1 
26 45 17 65 46 58 46 42 14 76 48 144 26 2723 10 2840 13 2827 10 3060 26 2672 8 3099 9 2801 5 3115 26 3126 2 2766 29 3034 11 3006 18 86 6 2987 44 2850 46 3119 2 3107 3 2772 34 3028 45 3054 12 168 26 3088 34 111 16 3002 35 3029 31 2957 21 85 22 3019 43 51 47 2722 14 3113 20 2965 2 3134 32 3067 10 2945 26 2680 14 2865 21 2829 31 2835 30 2927 48 50 32 56 33 3011 15 2695 1 2785 46 3068 28 2739 41 2951 14 2811 49 2863 12 3052 20 132 35 3100 19 2984 49 2759 13 3055 1 2771 5 3102 33 3137 11 2904 43 2908 33 3097 7 3095 28 3004 27 2724 30 3128 29 2979 43 2792 17 3093 45 2692 20 3041 32 2923 13 2773 3 2768 2 69 24 83 38 82 45 2928 1 3038 29 2693 10 74 14 68 7 2711 31 2641 42 220 41 2838 41 2698 48 196 35 2625 39 2916 20 2803 29 108 43 40 28 114 2 2706 43 2901 48 3079 9 2832 1 2937 17 
27 1171 46 1107 2 1297 19 1364 14 1186 15 1282 29 1245 1 1221 7 1041 6 1193 1 1342 24 995 1 1163 10 1075 17 365 8 1326 32 1271 16 1115 1 1330 18 1287 28 1025 2 1294 9 292 24 1462 45 1154 9 1201 2 395 38 287 8 1215 4 1420 24 339 18 1003 6 1231 15 1044 38 1094 16 459 30 397 5 1187 2 1273 2 544 20 1004 9 1147 26 1247 6 1327 18 1179 28 1170 29 1412 16 1234 13 1423 16 1389 42 1172 22 1057 2 1190 41 1068 22 315 1 1280 8 1406 43 1151 7 1357 18 1348 9 1195 25 1426 4 1168 38 340 20 1005 47 1136 24 1099 45 291 9 
28 4049 11 3249 2 3274 5 3374 12 3238 27 3311 20 3271 11 3423 22 3406 11 4019 18 3331 28 3348 13 3402 7 3928 3 3571 5 3115 16 3172 12 3126 1 3267 11 3328 25 3387 1 
29 4812 3 4746 34 4772 15 4797 6 4778 2 4699 29 4833 36 4613 1 4631 7 4650 2 
30 3172 13 3267 26 3328 13 3387 48 3860 46 3218 17 2766 12 3367 11 3192 36 3394 41 3034 13 3006 2 3911 17 2987 1 3205 49 3171 47 3284 11 3217 11 3401 43 2850 4 3119 16 3209 31 3107 14 2772 16 3243 50 3210 7 4128 27 3028 4 3054 10 4083 43 3982 43 3971 24 3088 4 3808 28 4031 6 3474 5 4104 6 3557 47 3002 3 3029 1 4034 12 2957 7 3019 6 3292 25 2722 17 4018 30 4132 42 3390 8 4081 43 3855 35 4129 39 3113 25 3268 17 3506 5 4093 1 
31 365 5 395 8 339 32 397 14 340 15 327 42 378 13 359 43 344 46 475 19 990 17 473 26 550 23 476 47 367 40 951 2 630 27 910 14 323 15 948 10 568 14 404 45 458 20 513 19 430 2 953 2 
32 4200 20 4398 8 4812 28 4378 11 4469 42 4315 1 4347 12 4542 30 4408 6 4334 37 4198 23 4573 19 4579 8 4194 6 4284 1 4529 34 4358 1 4406 5 4310 6 4308 7 4365 21 4436 6 4314 5 4380 2 4342 5 4511 2 4351 11 4399 31 4212 11 4332 1 4833 13 4184 30 4333 11 4254 22 4506 5 4360 31 4457 44 4218 2 4225 4 4336 26 4443 4 4606 15 4172 34 4258 1 4187 1 4555 7 4188 1 4803 19 4219 6 4427 15 4387 6 4663 3 4622 3 4321 21 4492 4 4182 18 4363 5 4204 13 4689 13 4486 45 4207 5 4189 34 4167 4 4545 29 4873 22 4329 47 4394 39 4805 22 4138 2 4238 37 4560 50 4530 33 4438 43 4802 4 4420 14 4386 5 4264 25 4544 13 4684 46 4164 15 4379 9 4701 5 
33 4207 38 4189 9 4545 12 4329 1 4394 2 4238 6 4530 4 4438 1 4420 18 4386 30 4264 23 4544 5 4379 36 4571 17 4134 5 4318 50 4500 4 4362 45 4383 18 4295 48 4489 38 4369 4 3860 3 3218 14 3367 17 4361 26 3192 12 3394 5 3911 22 4442 26 4464 8 3205 1 4311 14 3171 1 4322 39 4357 17 4343 16 3284 14 3217 2 3401 6 3209 15 4300 29 4286 37 4283 40 4413 48 4349 32 3210 35 4128 21 4281 2 4491 33 4538 24 4083 7 3982 7 4277 26 4324 36 3971 18 4148 30 3808 13 4031 43 3474 31 4209 50 4505 5 4104 2 3557 2 4485 2 4271 9 4278 7 4034 28 4205 44 4206 9 3292 13 4242 41 4018 3 4132 7 4251 34 4466 28 3390 40 4081 2 3855 3 4129 1 4501 18 3268 25 3506 27 4247 14 4093 43 2965 33 4166 8 4149 13 4403 41 3134 8 3572 5 4272 5 4168 26 3733 26 3681 12 3067 20 3659 34 4249 43 2945 11 4123 7 4402 49 3180 48 4234 15 3750 44 2680 3 2865 24 3908 9 4142 36 3322 38 4260 16 3266 26 4409 10 2829 12 2835 5 4213 45 3166 40 2927 2 3479 2 4448 19 3355 50 3662 16 3985 4 3206 26 4048 20 4337 9 
34 4571 29 4500 33 4362 3 4383 28 4295 1 4489 1 4369 5 4361 19 4442 7 4464 5 4311 18 4322 4 4357 15 4343 10 4300 19 4286 11 4283 10 4413 1 4349 9 4281 43 4491 8 4538 15 4277 7 4324 7 4148 16 4505 21 4485 20 4271 26 4278 6 4205 4 4206 41 4242 6 4251 3 4466 15 4501 1 4247 17 4166 26 4149 4 4403 7 3572 32 4272 16 4168 5 3733 10 3681 9 3659 16 4249 4 4123 29 4402 1 3180 2 4234 29 3750 4 3908 18 4142 12 3322 9 4260 12 3266 11 4409 37 4213 1 3166 4 3479 5 4448 10 3662 12 3985 9 3206 18 4048 13 4337 16 3327 13 4541 39 4299 28 3011 4 3939 29 3533 36 3340 48 3396 3 3468 47 3563 16 3890 21 3253 16 4549 1 2695 8 3282 24 3233 25 3362 31 3412 5 4005 6 3645 3 2785 4 3068 2 3260 20 2739 8 3472 27 4554 33 2951 13 3398 21 3211 27 3392 33 3523 18 2811 1 2863 12 3465 41 3620 45 4582 40 3052 23 3100 28 4276 24 3199 31 3411 17 2984 1 3344 12 3254 15 4462 13 2759 34 3881 4 4143 33 3812 28 3055 7 4089 1 
35 4873 27 4805 11 4802 46 4684 3 4701 41 4819 29 4683 34 4673 8 4865 8 4704 45 4617 8 4667 48 4747 7 4773 22 4871 6 4661 45 3327 16 4541 2 4299 19 3939 8 3533 8 3340 2 3396 29 3468 2 3563 21 3890 17 3253 5 
36 4819 17 4683 11 4673 35 4865 25 4704 3 4617 24 4667 2 4747 21 4773 22 4871 24 4661 4 4549 17 4698 4 3282 17 4692 10 3233 25 3362 15 3412 2 4005 7 3645 17 4730 44 3260 10 3472 23 4554 6 3398 11 3211 21 3392 1 3523 9 4740 35 4603 14 3465 4 4672 2 3620 5 4582 1 4687 49 4276 18 3199 13 3411 4 3344 1 3254 13 4462 20 3881 12 4143 16 4731 6 3812 14 4089 6 4115 35 2771 13 3102 5 3623 36 4000 45 4137 22 4280 50 3740 42 4404 50 4285 13 3137 1 3580 23 4044 14 4074 7 4319 29 4472 25 3714 39 3892 25 4317 45 2904 1 2908 5 3776 37 4066 26 3288 19 3941 2 3230 9 3665 1 3927 2 
37 4698 22 4692 28 4730 1 4740 5 4603 8 4672 10 4687 1 4731 21 4115 14 3623 5 4000 4 4137 7 3740 8 4285 36 3580 19 4044 15 4074 8 4319 12 4472 13 3714 6 3892 25 4317 1 3776 5 4066 17 3288 13 3941 40 3230 14 3665 48 3927 48 3461 30 4100 17 3373 43 4578 37 4647 32 3934 3 4811 24 3366 2 3444 3 3884 7 4517 29 3427 38 3973 39 4262 7 4636 42 4370 47 3920 43 3353 14 4181 18 3227 18 4504 17 3966 25 4119 32 4197 31 3354 3 3272 3 3316 1 
38 3097 27 3461 11 3095 13 3373 4 3004 15 2724 5 3128 19 2979 1 2792 26 3366 30 3444 30 3427 8 3093 5 3353 13 2692 13 3227 7 3041 3 3354 39 2923 35 3272 12 3316 31 2773 37 2768 38 3464 4 3489 10 2928 41 3176 20 3436 30 3038 9 3365 17 3349 4 3424 21 3433 15 3492 23 3189 32 3306 12 2693 16 3450 20 3202 34 3514 8 3304 22 2711 3 3141 17 3377 38 3664 20 2641 4 3350 25 3320 17 3356 8 3501 13 3451 24 3326 13 2838 3 3188 11 2698 2 2625 9 3293 43 3301 18 2916 25 3376 26 3713 15 2803 20 3670 44 3323 43 3753 34 3400 27 3418 14 3559 2 3152 39 3286 20 2706 4 3743 31 3252 9 2901 2 3488 37 3452 10 3079 22 3574 27 3300 28 3469 20 3391 26 2832 5 3333 34 2937 25 2746 17 3404 12 3329 33 3259 18 2634 10 3026 4 3149 49 3496 48 3324 2 3315 23 3460 45 3369 41 3417 21 3613 20 2690 11 3319 21 3687 7 2845 21 3446 40 2812 8 3414 21 3428 19 3674 29 2817 11 2969 26 3053 35 3242 29 3447 41 2834 20 3345 29 3727 21 3305 20 3587 15 2775 42 3173 17 3368 1 2761 2 2899 2 3155 30 3317 23 3302 40 3072 3 3382 43 2793 24 3247 37 3609 16 3637 34 3358 8 3185 40 3083 34 3607 46 3269 27 2918 3 3618 9 3295 1 
39 3176 30 3436 8 3365 21 3349 6 3424 25 3433 22 3189 17 3306 21 3450 23 3202 2 3304 2 3141 21 3377 2 3350 6 3320 30 3356 16 3451 8 3326 21 3188 13 3293 1 3301 32 3376 12 3323 7 3400 4 3418 17 3152 10 3286 28 3252 31 3452 10 3300 20 3391 4 3333 2 2746 29 3404 6 3329 12 3259 9 2634 23 3026 39 3149 1 3324 17 3315 21 3460 2 3369 7 3417 29 2690 12 3319 27 2845 3 3446 7 2812 20 3414 14 3428 7 2817 12 2969 21 3053 2 3242 16 3447 5 2834 19 3345 19 3305 28 2775 6 3173 15 3368 4 2761 48 2899 20 3155 17 3317 22 3302 1 3072 7 3382 3 2793 21 3247 7 3358 15 3185 8 3083 5 3269 20 2918 38 3295 22 3312 19 2666 46 2783 35 2770 28 2893 47 3015 41 3357 21 2760 9 2751 34 2981 34 3337 13 3388 10 3025 5 3375 25 2898 14 3275 2 
40 144 10 168 19 111 16 132 12 4100 18 3934 9 3884 38 3973 4 4262 24 3920 4 4181 9 3966 13 4119 3 4197 12 4236 16 3464 39 4080 50 3956 29 3489 2 4109 49 4297 12 4110 21 4199 1 4263 32 4274 14 3832 7 3492 18 3904 8 3514 8 4105 47 3664 9 3874 35 220 2 3501 23 3997 40 4174 22 4210 19 4121 44 196 6 3713 12 3670 3 4269 1 108 4 3753 9 114 26 3559 17 4057 39 3802 23 3743 5 4114 20 4160 3 3488 6 4141 36 3574 1 3469 9 4061 42 4177 48 4135 15 4202 19 4139 24 3496 1 179 19 4239 15 4288 32 3613 3 3815 25 3687 24 3893 49 251 48 3840 1 3921 40 3674 6 4067 40 4157 45 4079 16 4257 33 3943 41 3727 29 4147 33 4178 26 3587 8 3847 24 4029 44 3609 16 3637 15 3607 1 154 49 4215 42 3960 26 3618 4 3312 26 2666 4 2783 7 2770 8 2893 1 3015 9 3357 22 3657 5 4211 16 3528 35 3994 39 3938 40 2760 25 2751 5 2981 1 4331 25 4117 31 3337 24 3388 40 3484 25 4244 50 3025 14 3475 3 4078 5 3584 29 3375 23 115 34 2898 26 3275 41 2769 24 3299 21 4047 34 3736 7 3990 23 4217 26 2689 33 2884 11 3568 2 2716 13 4208 11 3195 48 3668 48 107 41 3537 17 4245 35 3555 23 4173 26 2912 31 4291 33 3466 25 3483 39 3216 49 4007 26 4146 12 4231 3 4180 3 
41 3528 3 3484 1 3475 2 3584 3 2769 1 
42 3299 3 2689 5 2884 1 3568 1 
43 3832 7 3802 1 3815 1 3840 1 
44 2716 10 
45 4370 1 4236 1 3956 2 4109 1 4297 1 4110 3 4199 1 
46 4504 7 4263 3 
47 1462 3 1420 2 1412 1 1423 1 1190 2 1068 1 
48 4578 4 4517 2 4274 2 4416 1 3904 1 
49 2912 10 
50 4416 10 
51 1280 2 1406 5 1151 2 1357 1 
52 4647 4 4811 6 
53 1348 8 1195 2 
54 4636 2 4694 7 4425 1 
55 3874 8 3893 1 3847 1 
56 2617 3 2747 2 2815 2 2856 2 2727 1 
57 15 2 17 8 
58 4105 1 3997 8 4121 1 
59 2512 3 2511 3 1426 4 
60 4795 4 4706 6 
61 4795 3 4706 7 
62 3657 4 3736 4 3195 2 
63 4425 5 4348 2 4359 3 
64 4694 4 4728 2 4656 4 
65 3921 1 3943 2 4029 1 3960 4 3994 2 
66 4656 5 4348 2 4359 3 
67 179 7 251 2 189 1 
68 4382 4 4373 6 
69 4382 10 
70 2617 3 2747 5 2727 2 
71 4728 8 4721 1 4373 1 
72 2815 2 2856 6 2870 2 
73 3938 8 3668 1 3537 1 
74 2512 7 2518 3 
75 1168 5 1005 3 1136 1 1099 1 
76 3555 6 3466 3 3483 1 
77 4057 7 4061 1 4067 1 4079 1 
78 3092 1 3147 9 
79 4174 1 4210 7 4269 2 
80 3216 1 3385 2 3092 4 3280 1 3147 1 3161 1 
81 154 1 141 9 
82 115 5 107 5 
83 4114 8 4160 1 4141 1 
84 4177 1 4135 4 4202 5 
85 3385 7 3280 2 3767 1 
86 4721 7 4648 2 4630 1 
87 3507 1 3495 1 3161 6 3493 1 3600 1 
88 3990 9 3819 1 
89 3819 6 3767 4 
90 2870 1 2784 1 2888 6 2626 1 2806 1 
91 265 9 256 1 
92 189 7 265 2 214 1 
93 4648 2 4630 6 4743 2 
94 2950 8 2989 1 3012 1 
95 3507 1 3495 4 3493 4 3600 1 
96 3298 5 2950 1 3232 2 3219 1 3138 1 
97 3553 5 3612 5 
98 2784 10 
99 3553 4 3612 6 
100 3298 3 3456 1 3232 5 3219 1 
101 2540 5 2531 4 2543 1 
102 76 1 86 2 85 4 83 1 82 2 
103 1434 3 1200 4 1226 3 
104 1434 9 1200 1 
105 2626 10 
106 3456 7 3138 3 
107 2604 6 2696 1 2602 1 2686 2 
108 4117 8 4078 2 
109 65 1 69 5 74 3 68 1 
110 4047 3 4007 7 
111 4832 6 4743 3 4707 1 
112 15 9 17 1 
113 4707 7 4575 3 
114 4832 3 4575 6 4779 1 
115 4139 2 4239 5 4288 3 
116 4591 9 4546 1 
117 2888 10 
118 4546 2 4157 1 4257 5 4391 2 
119 4779 10 
120 4591 6 4596 2 4391 1 4147 1 
121 2989 10 
122 141 8 214 1 138 1 
123 2470 7 2471 3 
124 3012 10 
125 2806 7 2604 2 2738 1 
126 4753 4 4786 6 
127 3935 6 3869 1 4099 1 4056 1 4012 1 
128 3935 3 3869 6 4099 1 
129 45 1 58 4 42 5 
130 4753 1 4786 4 4745 2 4790 1 4596 2 
131 4056 4 4012 1 4101 4 4084 1 
132 237 2 231 4 226 4 
133 4178 10 
134 4434 2 4215 8 
135 3389 6 3482 1 3640 3 
136 3236 3 3064 1 3308 4 3291 2 
137 5 2 20 2 21 2 3 3 30 1 
138 1226 6 1023 3 1259 1 
139 4745 2 4854 1 4790 2 4799 3 4895 2 
140 3389 7 3482 3 
141 4708 10 
142 3640 6 3593 4 
143 3064 2 2846 8 
144 2846 2 2896 1 3013 2 2738 2 2708 3 
145 2896 7 2708 2 2925 1 
146 3086 6 3081 3 3013 1 
147 3236 4 3308 6 
148 3992 5 3593 2 3780 2 3859 1 
149 91 7 95 3 
150 30 9 31 1 
151 95 9 3291 1 
152 4854 9 4799 1 
153 4211 3 4356 6 4424 1 
154 176 3 206 4 237 2 205 1 
155 1023 7 1259 2 1383 1 
156 20 4 21 2 31 4 
157 89 7 91 3 
158 3372 6 3330 2 3201 2 
159 2576 8 2555 2 
160 4434 3 4356 6 4424 1 
161 4331 1 4341 7 4217 2 
162 5 8 7 1 23 1 
163 3372 10 
164 3330 3 3201 2 3381 2 3086 1 3321 2 
165 3780 2 3859 2 3755 3 3689 2 3863 1 
166 4895 1 4708 1 4818 6 4842 2 
167 1383 2 1130 8 
168 66 8 70 2 
169 3081 3 2925 4 3040 1 2696 2 
170 4208 10 
171 3755 2 3689 8 
172 2602 7 2686 2 2601 1 
173 231 5 226 3 256 2 
174 4766 3 4643 3 4581 4 
175 4341 5 4245 3 4173 1 4291 1 
176 3321 4 3303 6 
177 4131 7 4101 2 4084 1 
178 4146 8 4231 1 4180 1 
179 4818 7 4842 3 
180 4816 4 4863 2 4766 4 
181 1130 2 1089 1 1243 3 1517 1 990 3 
182 2555 9 2554 1 
183 2470 8 2471 2 
184 89 6 138 1 143 1 105 2 
185 23 5 51 3 50 2 
186 1089 5 1243 2 475 3 
187 2576 3 2580 1 2579 5 2581 1 
188 3992 4 3863 6 
189 4235 2 4375 1 4186 2 4155 2 4250 3 
190 315 9 327 1 
191 56 8 66 1 70 1 
192 4816 10 
193 40 4 39 5 73 1 
194 4863 6 4830 4 
195 143 8 128 1 137 1 
196 3381 1 3546 3 3700 4 3540 2 
197 3303 3 3325 6 3278 1 
198 27 7 32 2 25 1 
199 27 2 32 7 25 1 
200 7 2 10 5 16 3 
