30
1 78 2 
2 89 5 31 1 
3 84 10 73 7 65 1 
4 76 8 66 5 63 1 
5 97 2 90 1 
6 92 2 93 2 90 2 
7 98 2 
8 50 4 91 5 41 10 93 4 
9 58 7 
10 71 8 77 6 
11 30 7 62 5 65 6 51 7 38 2 31 5 37 8 27 7 
12 71 2 69 8 52 3 64 2 
13 83 2 86 2 
14 86 2 
15 58 2 77 4 87 10 72 9 60 1 
16 91 2 95 1 
17 72 1 85 5 79 7 89 2 
18 29 10 97 3 19 8 83 7 82 8 68 4 66 4 53 6 40 3 
19 17 4 32 3 43 8 12 7 78 6 44 6 35 3 27 1 
20 88 6 92 2 96 1 
21 85 2 28 5 73 2 32 4 67 2 30 3 81 8 16 9 24 9 76 2 82 2 39 3 43 2 59 3 50 6 79 3 35 2 34 1 
22 33 5 57 5 62 4 63 9 47 2 55 4 51 2 52 3 64 7 75 5 42 1 
23 47 2 56 2 74 2 69 2 44 3 
24 70 2 81 1 
25 96 2 
26 99 2 
27 80 10 67 5 74 2 61 1 
28 20 4 40 3 33 4 49 6 24 1 38 2 
29 46 9 37 2 55 4 75 2 59 7 49 2 25 6 61 5 60 2 70 1 
30 54 4 56 2 53 2 57 1 
