100
1 278 19 293 26 322 10 282 38 305 4 
2 796 24 804 23 825 49 816 36 824 2 860 3 805 3 
3 278 5 293 12 248 25 322 18 244 26 282 12 305 24 292 11 489 1 
4 733 29 728 21 722 4 738 3 725 4 
5 8 43 17 12 12 22 14 2 15 1 19 2 
6 674 38 666 14 633 20 661 42 676 49 673 12 652 48 670 22 635 31 623 32 650 34 655 10 653 2 667 1 
7 753 1 758 7 
8 697 47 674 1 693 19 706 15 679 7 688 33 666 4 633 4 708 13 699 28 682 24 709 50 703 1 661 2 676 1 673 28 681 19 652 1 705 13 733 3 670 4 690 38 712 15 635 6 623 3 700 6 694 41 650 1 655 8 713 31 653 33 728 23 707 10 667 1 672 1 657 2 643 1 680 1 
9 706 14 708 4 699 6 703 48 705 25 712 2 700 30 713 10 707 19 711 15 722 3 721 1 
10 992 1 994 1 988 2 993 1 
11 697 2 693 2 679 3 
12 643 9 640 2 621 15 625 20 649 3 607 4 647 19 630 4 642 2 610 1 
13 588 26 586 17 594 23 578 2 580 14 590 45 585 25 591 30 576 22 
14 981 19 962 1 946 2 951 1 
15 796 1 804 12 825 1 816 10 824 4 860 13 805 6 820 1 835 2 833 1 821 2 836 1 
16 688 9 682 24 681 13 690 1 694 2 680 8 711 7 721 12 
17 248 3 244 21 292 4 297 28 307 27 257 29 339 12 289 49 309 22 223 47 323 4 251 11 331 8 240 2 236 1 
18 672 46 657 2 640 42 621 11 664 19 738 37 685 43 698 24 715 2 625 5 
19 664 14 685 6 698 25 715 36 649 30 725 1 607 13 695 34 720 46 747 25 753 44 647 4 654 35 675 2 758 17 741 14 719 49 691 13 714 7 717 1 730 1 
20 820 46 835 32 833 25 821 8 836 1 827 4 
21 654 4 630 5 642 1 
22 695 1 720 4 747 3 675 1 741 1 
23 719 1 691 1 714 4 717 4 
24 730 9 696 1 
25 696 6 723 4 
26 671 8 610 2 
27 588 4 586 6 
28 297 8 307 1 257 1 
29 723 4 686 6 
30 686 4 737 4 752 2 
31 737 9 752 1 
32 671 6 718 1 727 3 
33 63 10 
34 718 10 
35 555 5 531 2 557 2 506 1 
36 727 5 739 3 751 2 
37 739 3 751 7 
38 759 2 762 2 763 3 760 3 
39 759 4 762 6 
40 339 7 289 1 145 2 
41 605 6 615 1 619 1 606 1 616 1 
42 763 3 760 4 646 1 678 1 731 1 
43 63 1 89 1 103 6 86 2 
44 145 2 309 6 223 1 323 1 
45 646 4 626 2 658 2 656 2 
46 678 6 731 3 724 1 
47 605 6 606 4 
48 55 9 48 1 
49 615 4 619 2 616 3 614 1 
50 506 4 489 2 503 2 251 1 491 1 
51 491 4 331 3 240 1 236 1 284 1 
52 284 5 268 1 324 3 344 1 
53 724 8 684 2 
54 89 8 103 2 
55 764 1 684 3 729 4 773 1 754 1 
56 764 7 729 2 773 1 
57 626 2 658 4 656 1 710 1 735 1 663 1 
58 663 4 687 2 637 2 692 1 669 1 
59 86 9 75 1 
60 754 7 769 2 710 1 
61 3 8 1 1 8 1 
62 268 8 324 2 
63 769 8 735 1 766 1 
64 687 4 637 4 704 1 692 1 
65 17 1 12 9 
66 766 7 779 2 704 1 
67 639 8 651 2 
68 779 2 750 8 
69 669 2 639 1 651 4 659 2 631 1 
70 99 4 92 4 344 2 
71 250 3 276 5 249 2 
72 5 5 7 2 14 2 6 1 
73 99 9 92 1 
74 750 7 742 2 767 1 
75 55 10 
76 742 5 767 3 761 1 732 1 
77 250 5 276 5 
78 761 3 732 4 726 3 
79 726 4 745 4 659 1 631 1 
80 981 6 775 1 745 3 
81 775 1 689 9 
82 249 10 
83 531 9 554 1 
84 689 3 787 3 702 4 
85 34 7 28 3 
86 787 8 702 2 
87 503 2 513 4 285 2 287 1 530 1 
88 660 1 756 7 743 1 736 1 
89 513 1 285 2 287 4 272 1 281 1 232 1 
90 660 10 
91 756 2 743 1 736 2 629 4 749 1 
92 272 7 281 1 232 1 252 1 
93 629 4 614 3 594 1 622 2 
94 749 7 748 1 776 2 
95 748 1 776 7 734 1 765 1 
96 622 5 608 2 609 1 597 1 611 1 
97 252 4 258 2 352 1 304 1 345 2 
98 734 7 765 2 768 1 
99 768 1 645 6 772 1 810 2 
100 15 3 19 6 34 1 
